2010-12-08 17:28:12,241 - SimpleLog4JLogSystem initialized using logfile 'velocity.log'
2010-12-08 17:28:12,242 - ************************************************************** 
2010-12-08 17:28:12,242 - Starting Jakarta Velocity v1.4
2010-12-08 17:28:12,242 - RuntimeInstance initializing.
2010-12-08 17:28:12,242 - Default Properties File: org/apache/velocity/runtime/defaults/velocity.properties
2010-12-08 17:28:12,242 - Trying to use logger class org.apache.velocity.runtime.log.SimpleLog4JLogSystem
2010-12-08 17:28:12,242 - Using logger class org.apache.velocity.runtime.log.SimpleLog4JLogSystem
2010-12-08 17:28:12,247 - Default ResourceManager initializing. (class org.apache.velocity.runtime.resource.ResourceManagerImpl)
2010-12-08 17:28:12,254 - Resource Loader Instantiated: org.apache.velocity.runtime.resource.loader.ClasspathResourceLoader
2010-12-08 17:28:12,254 - ClasspathResourceLoader : initialization starting.
2010-12-08 17:28:12,254 - ClasspathResourceLoader : initialization complete.
2010-12-08 17:28:12,257 - ResourceCache : initialized. (class org.apache.velocity.runtime.resource.ResourceCacheImpl)
2010-12-08 17:28:12,257 - Default ResourceManager initialization complete.
2010-12-08 17:28:12,259 - Loaded System Directive: org.apache.velocity.runtime.directive.Literal
2010-12-08 17:28:12,262 - Loaded System Directive: org.apache.velocity.runtime.directive.Macro
2010-12-08 17:28:12,269 - Loaded System Directive: org.apache.velocity.runtime.directive.Parse
2010-12-08 17:28:12,272 - Loaded System Directive: org.apache.velocity.runtime.directive.Include
2010-12-08 17:28:12,274 - Loaded System Directive: org.apache.velocity.runtime.directive.Foreach
2010-12-08 17:28:12,316 - Created: 20 parsers.
2010-12-08 17:28:12,326 - Velocimacro : initialization starting.
2010-12-08 17:28:12,326 - Velocimacro : adding VMs from VM library template : VM_global_library.vm
2010-12-08 17:28:12,355 - ResourceManager : unable to find resource 'VM_global_library.vm' in any resource loader.
2010-12-08 17:28:12,356 - Velocimacro : error using  VM library template VM_global_library.vm : org.apache.velocity.exception.ResourceNotFoundException: Unable to find resource 'VM_global_library.vm'
2010-12-08 17:28:12,356 - Velocimacro :  VM library template macro registration complete.
2010-12-08 17:28:12,356 - Velocimacro : allowInline = true : VMs can be defined inline in templates
2010-12-08 17:28:12,356 - Velocimacro : allowInlineToOverride = false : VMs defined inline may NOT replace previous VM definitions
2010-12-08 17:28:12,356 - Velocimacro : allowInlineLocal = false : VMs defined inline will be  global in scope if allowed.
2010-12-08 17:28:12,357 - Velocimacro : messages on  : VM system will output logging messages
2010-12-08 17:28:12,357 - Velocimacro : autoload off  : VM system will not automatically reload global library macros
2010-12-08 17:28:12,357 - Velocimacro : initialization complete.
2010-12-08 17:28:12,357 - Velocity successfully started.
2010-12-08 17:29:12,135 - SimpleLog4JLogSystem initialized using logfile 'velocity.log'
2010-12-08 17:29:12,135 - ************************************************************** 
2010-12-08 17:29:12,135 - Starting Jakarta Velocity v1.4
2010-12-08 17:29:12,135 - RuntimeInstance initializing.
2010-12-08 17:29:12,136 - Default Properties File: org/apache/velocity/runtime/defaults/velocity.properties
2010-12-08 17:29:12,136 - Trying to use logger class org.apache.velocity.runtime.log.SimpleLog4JLogSystem
2010-12-08 17:29:12,136 - Using logger class org.apache.velocity.runtime.log.SimpleLog4JLogSystem
2010-12-08 17:29:12,141 - Default ResourceManager initializing. (class org.apache.velocity.runtime.resource.ResourceManagerImpl)
2010-12-08 17:29:12,145 - Resource Loader Instantiated: org.apache.velocity.runtime.resource.loader.ClasspathResourceLoader
2010-12-08 17:29:12,145 - ClasspathResourceLoader : initialization starting.
2010-12-08 17:29:12,145 - ClasspathResourceLoader : initialization complete.
2010-12-08 17:29:12,147 - ResourceCache : initialized. (class org.apache.velocity.runtime.resource.ResourceCacheImpl)
2010-12-08 17:29:12,169 - Default ResourceManager initialization complete.
2010-12-08 17:29:12,171 - Loaded System Directive: org.apache.velocity.runtime.directive.Literal
2010-12-08 17:29:12,173 - Loaded System Directive: org.apache.velocity.runtime.directive.Macro
2010-12-08 17:29:12,177 - Loaded System Directive: org.apache.velocity.runtime.directive.Parse
2010-12-08 17:29:12,179 - Loaded System Directive: org.apache.velocity.runtime.directive.Include
2010-12-08 17:29:12,180 - Loaded System Directive: org.apache.velocity.runtime.directive.Foreach
2010-12-08 17:29:12,222 - Created: 20 parsers.
2010-12-08 17:29:12,232 - Velocimacro : initialization starting.
2010-12-08 17:29:12,232 - Velocimacro : adding VMs from VM library template : VM_global_library.vm
2010-12-08 17:29:12,238 - ResourceManager : unable to find resource 'VM_global_library.vm' in any resource loader.
2010-12-08 17:29:12,238 - Velocimacro : error using  VM library template VM_global_library.vm : org.apache.velocity.exception.ResourceNotFoundException: Unable to find resource 'VM_global_library.vm'
2010-12-08 17:29:12,238 - Velocimacro :  VM library template macro registration complete.
2010-12-08 17:29:12,238 - Velocimacro : allowInline = true : VMs can be defined inline in templates
2010-12-08 17:29:12,238 - Velocimacro : allowInlineToOverride = false : VMs defined inline may NOT replace previous VM definitions
2010-12-08 17:29:12,238 - Velocimacro : allowInlineLocal = false : VMs defined inline will be  global in scope if allowed.
2010-12-08 17:29:12,239 - Velocimacro : messages on  : VM system will output logging messages
2010-12-08 17:29:12,239 - Velocimacro : autoload off  : VM system will not automatically reload global library macros
2010-12-08 17:29:12,239 - Velocimacro : initialization complete.
2010-12-08 17:29:12,239 - Velocity successfully started.
2010-12-08 17:32:58,136 - SimpleLog4JLogSystem initialized using logfile 'velocity.log'
2010-12-08 17:32:58,137 - ************************************************************** 
2010-12-08 17:32:58,137 - Starting Jakarta Velocity v1.4
2010-12-08 17:32:58,137 - RuntimeInstance initializing.
2010-12-08 17:32:58,137 - Default Properties File: org/apache/velocity/runtime/defaults/velocity.properties
2010-12-08 17:32:58,137 - Trying to use logger class org.apache.velocity.runtime.log.SimpleLog4JLogSystem
2010-12-08 17:32:58,137 - Using logger class org.apache.velocity.runtime.log.SimpleLog4JLogSystem
2010-12-08 17:32:58,144 - Default ResourceManager initializing. (class org.apache.velocity.runtime.resource.ResourceManagerImpl)
2010-12-08 17:32:58,148 - Resource Loader Instantiated: org.apache.velocity.runtime.resource.loader.ClasspathResourceLoader
2010-12-08 17:32:58,148 - ClasspathResourceLoader : initialization starting.
2010-12-08 17:32:58,148 - ClasspathResourceLoader : initialization complete.
2010-12-08 17:32:58,151 - ResourceCache : initialized. (class org.apache.velocity.runtime.resource.ResourceCacheImpl)
2010-12-08 17:32:58,152 - Default ResourceManager initialization complete.
2010-12-08 17:32:58,154 - Loaded System Directive: org.apache.velocity.runtime.directive.Literal
2010-12-08 17:32:58,157 - Loaded System Directive: org.apache.velocity.runtime.directive.Macro
2010-12-08 17:32:58,161 - Loaded System Directive: org.apache.velocity.runtime.directive.Parse
2010-12-08 17:32:58,163 - Loaded System Directive: org.apache.velocity.runtime.directive.Include
2010-12-08 17:32:58,164 - Loaded System Directive: org.apache.velocity.runtime.directive.Foreach
2010-12-08 17:32:58,207 - Created: 20 parsers.
2010-12-08 17:32:58,217 - Velocimacro : initialization starting.
2010-12-08 17:32:58,218 - Velocimacro : adding VMs from VM library template : VM_global_library.vm
2010-12-08 17:32:58,225 - ResourceManager : unable to find resource 'VM_global_library.vm' in any resource loader.
2010-12-08 17:32:58,226 - Velocimacro : error using  VM library template VM_global_library.vm : org.apache.velocity.exception.ResourceNotFoundException: Unable to find resource 'VM_global_library.vm'
2010-12-08 17:32:58,226 - Velocimacro :  VM library template macro registration complete.
2010-12-08 17:32:58,226 - Velocimacro : allowInline = true : VMs can be defined inline in templates
2010-12-08 17:32:58,226 - Velocimacro : allowInlineToOverride = false : VMs defined inline may NOT replace previous VM definitions
2010-12-08 17:32:58,226 - Velocimacro : allowInlineLocal = false : VMs defined inline will be  global in scope if allowed.
2010-12-08 17:32:58,226 - Velocimacro : messages on  : VM system will output logging messages
2010-12-08 17:32:58,226 - Velocimacro : autoload off  : VM system will not automatically reload global library macros
2010-12-08 17:32:58,226 - Velocimacro : initialization complete.
2010-12-08 17:32:58,226 - Velocity successfully started.
2010-12-08 18:45:21,942 - SimpleLog4JLogSystem initialized using logfile 'velocity.log'
2010-12-08 18:45:21,943 - ************************************************************** 
2010-12-08 18:45:21,943 - Starting Jakarta Velocity v1.4
2010-12-08 18:45:21,943 - RuntimeInstance initializing.
2010-12-08 18:45:21,943 - Default Properties File: org/apache/velocity/runtime/defaults/velocity.properties
2010-12-08 18:45:21,943 - Trying to use logger class org.apache.velocity.runtime.log.SimpleLog4JLogSystem
2010-12-08 18:45:21,943 - Using logger class org.apache.velocity.runtime.log.SimpleLog4JLogSystem
2010-12-08 18:45:21,947 - Default ResourceManager initializing. (class org.apache.velocity.runtime.resource.ResourceManagerImpl)
2010-12-08 18:45:21,950 - Resource Loader Instantiated: org.apache.velocity.runtime.resource.loader.ClasspathResourceLoader
2010-12-08 18:45:21,950 - ClasspathResourceLoader : initialization starting.
2010-12-08 18:45:21,951 - ClasspathResourceLoader : initialization complete.
2010-12-08 18:45:21,952 - ResourceCache : initialized. (class org.apache.velocity.runtime.resource.ResourceCacheImpl)
2010-12-08 18:45:21,953 - Default ResourceManager initialization complete.
2010-12-08 18:45:21,955 - Loaded System Directive: org.apache.velocity.runtime.directive.Literal
2010-12-08 18:45:21,957 - Loaded System Directive: org.apache.velocity.runtime.directive.Macro
2010-12-08 18:45:21,960 - Loaded System Directive: org.apache.velocity.runtime.directive.Parse
2010-12-08 18:45:21,962 - Loaded System Directive: org.apache.velocity.runtime.directive.Include
2010-12-08 18:45:21,963 - Loaded System Directive: org.apache.velocity.runtime.directive.Foreach
2010-12-08 18:45:22,000 - Created: 20 parsers.
2010-12-08 18:45:22,008 - Velocimacro : initialization starting.
2010-12-08 18:45:22,009 - Velocimacro : adding VMs from VM library template : VM_global_library.vm
2010-12-08 18:45:22,014 - ResourceManager : unable to find resource 'VM_global_library.vm' in any resource loader.
2010-12-08 18:45:22,014 - Velocimacro : error using  VM library template VM_global_library.vm : org.apache.velocity.exception.ResourceNotFoundException: Unable to find resource 'VM_global_library.vm'
2010-12-08 18:45:22,014 - Velocimacro :  VM library template macro registration complete.
2010-12-08 18:45:22,014 - Velocimacro : allowInline = true : VMs can be defined inline in templates
2010-12-08 18:45:22,014 - Velocimacro : allowInlineToOverride = false : VMs defined inline may NOT replace previous VM definitions
2010-12-08 18:45:22,015 - Velocimacro : allowInlineLocal = false : VMs defined inline will be  global in scope if allowed.
2010-12-08 18:45:22,015 - Velocimacro : messages on  : VM system will output logging messages
2010-12-08 18:45:22,015 - Velocimacro : autoload off  : VM system will not automatically reload global library macros
2010-12-08 18:45:22,015 - Velocimacro : initialization complete.
2010-12-08 18:45:22,015 - Velocity successfully started.
2010-12-08 18:45:54,842 - ResourceManager : found repast/simphony/scenario/Scenario.vt with loader org.apache.velocity.runtime.resource.loader.ClasspathResourceLoader
2010-12-08 18:45:54,900 - ResourceManager : found repast/simphony/parameter/parameters.vt with loader org.apache.velocity.runtime.resource.loader.ClasspathResourceLoader
2010-12-08 18:46:21,389 - SimpleLog4JLogSystem initialized using logfile 'velocity.log'
2010-12-08 18:46:21,390 - ************************************************************** 
2010-12-08 18:46:21,390 - Starting Jakarta Velocity v1.4
2010-12-08 18:46:21,390 - RuntimeInstance initializing.
2010-12-08 18:46:21,390 - Default Properties File: org/apache/velocity/runtime/defaults/velocity.properties
2010-12-08 18:46:21,390 - Trying to use logger class org.apache.velocity.runtime.log.SimpleLog4JLogSystem
2010-12-08 18:46:21,390 - Using logger class org.apache.velocity.runtime.log.SimpleLog4JLogSystem
2010-12-08 18:46:21,394 - Default ResourceManager initializing. (class org.apache.velocity.runtime.resource.ResourceManagerImpl)
2010-12-08 18:46:21,397 - Resource Loader Instantiated: org.apache.velocity.runtime.resource.loader.ClasspathResourceLoader
2010-12-08 18:46:21,398 - ClasspathResourceLoader : initialization starting.
2010-12-08 18:46:21,398 - ClasspathResourceLoader : initialization complete.
2010-12-08 18:46:21,400 - ResourceCache : initialized. (class org.apache.velocity.runtime.resource.ResourceCacheImpl)
2010-12-08 18:46:21,400 - Default ResourceManager initialization complete.
2010-12-08 18:46:21,402 - Loaded System Directive: org.apache.velocity.runtime.directive.Literal
2010-12-08 18:46:21,404 - Loaded System Directive: org.apache.velocity.runtime.directive.Macro
2010-12-08 18:46:21,407 - Loaded System Directive: org.apache.velocity.runtime.directive.Parse
2010-12-08 18:46:21,409 - Loaded System Directive: org.apache.velocity.runtime.directive.Include
2010-12-08 18:46:21,410 - Loaded System Directive: org.apache.velocity.runtime.directive.Foreach
2010-12-08 18:46:21,449 - Created: 20 parsers.
2010-12-08 18:46:21,457 - Velocimacro : initialization starting.
2010-12-08 18:46:21,457 - Velocimacro : adding VMs from VM library template : VM_global_library.vm
2010-12-08 18:46:21,463 - ResourceManager : unable to find resource 'VM_global_library.vm' in any resource loader.
2010-12-08 18:46:21,463 - Velocimacro : error using  VM library template VM_global_library.vm : org.apache.velocity.exception.ResourceNotFoundException: Unable to find resource 'VM_global_library.vm'
2010-12-08 18:46:21,463 - Velocimacro :  VM library template macro registration complete.
2010-12-08 18:46:21,463 - Velocimacro : allowInline = true : VMs can be defined inline in templates
2010-12-08 18:46:21,463 - Velocimacro : allowInlineToOverride = false : VMs defined inline may NOT replace previous VM definitions
2010-12-08 18:46:21,463 - Velocimacro : allowInlineLocal = false : VMs defined inline will be  global in scope if allowed.
2010-12-08 18:46:21,464 - Velocimacro : messages on  : VM system will output logging messages
2010-12-08 18:46:21,464 - Velocimacro : autoload off  : VM system will not automatically reload global library macros
2010-12-08 18:46:21,464 - Velocimacro : initialization complete.
2010-12-08 18:46:21,464 - Velocity successfully started.
2010-12-08 18:47:21,146 - SimpleLog4JLogSystem initialized using logfile 'velocity.log'
2010-12-08 18:47:21,146 - ************************************************************** 
2010-12-08 18:47:21,146 - Starting Jakarta Velocity v1.4
2010-12-08 18:47:21,146 - RuntimeInstance initializing.
2010-12-08 18:47:21,147 - Default Properties File: org/apache/velocity/runtime/defaults/velocity.properties
2010-12-08 18:47:21,147 - Trying to use logger class org.apache.velocity.runtime.log.SimpleLog4JLogSystem
2010-12-08 18:47:21,147 - Using logger class org.apache.velocity.runtime.log.SimpleLog4JLogSystem
2010-12-08 18:47:21,150 - Default ResourceManager initializing. (class org.apache.velocity.runtime.resource.ResourceManagerImpl)
2010-12-08 18:47:21,155 - Resource Loader Instantiated: org.apache.velocity.runtime.resource.loader.ClasspathResourceLoader
2010-12-08 18:47:21,155 - ClasspathResourceLoader : initialization starting.
2010-12-08 18:47:21,155 - ClasspathResourceLoader : initialization complete.
2010-12-08 18:47:21,157 - ResourceCache : initialized. (class org.apache.velocity.runtime.resource.ResourceCacheImpl)
2010-12-08 18:47:21,157 - Default ResourceManager initialization complete.
2010-12-08 18:47:21,159 - Loaded System Directive: org.apache.velocity.runtime.directive.Literal
2010-12-08 18:47:21,162 - Loaded System Directive: org.apache.velocity.runtime.directive.Macro
2010-12-08 18:47:21,165 - Loaded System Directive: org.apache.velocity.runtime.directive.Parse
2010-12-08 18:47:21,167 - Loaded System Directive: org.apache.velocity.runtime.directive.Include
2010-12-08 18:47:21,168 - Loaded System Directive: org.apache.velocity.runtime.directive.Foreach
2010-12-08 18:47:21,205 - Created: 20 parsers.
2010-12-08 18:47:21,214 - Velocimacro : initialization starting.
2010-12-08 18:47:21,214 - Velocimacro : adding VMs from VM library template : VM_global_library.vm
2010-12-08 18:47:21,220 - ResourceManager : unable to find resource 'VM_global_library.vm' in any resource loader.
2010-12-08 18:47:21,220 - Velocimacro : error using  VM library template VM_global_library.vm : org.apache.velocity.exception.ResourceNotFoundException: Unable to find resource 'VM_global_library.vm'
2010-12-08 18:47:21,220 - Velocimacro :  VM library template macro registration complete.
2010-12-08 18:47:21,220 - Velocimacro : allowInline = true : VMs can be defined inline in templates
2010-12-08 18:47:21,220 - Velocimacro : allowInlineToOverride = false : VMs defined inline may NOT replace previous VM definitions
2010-12-08 18:47:21,220 - Velocimacro : allowInlineLocal = false : VMs defined inline will be  global in scope if allowed.
2010-12-08 18:47:21,220 - Velocimacro : messages on  : VM system will output logging messages
2010-12-08 18:47:21,220 - Velocimacro : autoload off  : VM system will not automatically reload global library macros
2010-12-08 18:47:21,220 - Velocimacro : initialization complete.
2010-12-08 18:47:21,220 - Velocity successfully started.
2010-12-08 18:47:48,811 - SimpleLog4JLogSystem initialized using logfile 'velocity.log'
2010-12-08 18:47:48,812 - ************************************************************** 
2010-12-08 18:47:48,812 - Starting Jakarta Velocity v1.4
2010-12-08 18:47:48,812 - RuntimeInstance initializing.
2010-12-08 18:47:48,812 - Default Properties File: org/apache/velocity/runtime/defaults/velocity.properties
2010-12-08 18:47:48,812 - Trying to use logger class org.apache.velocity.runtime.log.SimpleLog4JLogSystem
2010-12-08 18:47:48,812 - Using logger class org.apache.velocity.runtime.log.SimpleLog4JLogSystem
2010-12-08 18:47:48,815 - Default ResourceManager initializing. (class org.apache.velocity.runtime.resource.ResourceManagerImpl)
2010-12-08 18:47:48,819 - Resource Loader Instantiated: org.apache.velocity.runtime.resource.loader.ClasspathResourceLoader
2010-12-08 18:47:48,819 - ClasspathResourceLoader : initialization starting.
2010-12-08 18:47:48,819 - ClasspathResourceLoader : initialization complete.
2010-12-08 18:47:48,822 - ResourceCache : initialized. (class org.apache.velocity.runtime.resource.ResourceCacheImpl)
2010-12-08 18:47:48,822 - Default ResourceManager initialization complete.
2010-12-08 18:47:48,824 - Loaded System Directive: org.apache.velocity.runtime.directive.Literal
2010-12-08 18:47:48,826 - Loaded System Directive: org.apache.velocity.runtime.directive.Macro
2010-12-08 18:47:48,829 - Loaded System Directive: org.apache.velocity.runtime.directive.Parse
2010-12-08 18:47:48,831 - Loaded System Directive: org.apache.velocity.runtime.directive.Include
2010-12-08 18:47:48,832 - Loaded System Directive: org.apache.velocity.runtime.directive.Foreach
2010-12-08 18:47:48,869 - Created: 20 parsers.
2010-12-08 18:47:48,877 - Velocimacro : initialization starting.
2010-12-08 18:47:48,878 - Velocimacro : adding VMs from VM library template : VM_global_library.vm
2010-12-08 18:47:48,884 - ResourceManager : unable to find resource 'VM_global_library.vm' in any resource loader.
2010-12-08 18:47:48,884 - Velocimacro : error using  VM library template VM_global_library.vm : org.apache.velocity.exception.ResourceNotFoundException: Unable to find resource 'VM_global_library.vm'
2010-12-08 18:47:48,884 - Velocimacro :  VM library template macro registration complete.
2010-12-08 18:47:48,884 - Velocimacro : allowInline = true : VMs can be defined inline in templates
2010-12-08 18:47:48,884 - Velocimacro : allowInlineToOverride = false : VMs defined inline may NOT replace previous VM definitions
2010-12-08 18:47:48,884 - Velocimacro : allowInlineLocal = false : VMs defined inline will be  global in scope if allowed.
2010-12-08 18:47:48,884 - Velocimacro : messages on  : VM system will output logging messages
2010-12-08 18:47:48,884 - Velocimacro : autoload off  : VM system will not automatically reload global library macros
2010-12-08 18:47:48,884 - Velocimacro : initialization complete.
2010-12-08 18:47:48,884 - Velocity successfully started.
2010-12-08 18:49:37,054 - ResourceManager : found repast/simphony/scenario/Scenario.vt with loader org.apache.velocity.runtime.resource.loader.ClasspathResourceLoader
2010-12-08 18:49:37,079 - ResourceManager : found repast/simphony/parameter/parameters.vt with loader org.apache.velocity.runtime.resource.loader.ClasspathResourceLoader
2010-12-08 18:51:28,276 - SimpleLog4JLogSystem initialized using logfile 'velocity.log'
2010-12-08 18:51:28,276 - ************************************************************** 
2010-12-08 18:51:28,276 - Starting Jakarta Velocity v1.4
2010-12-08 18:51:28,277 - RuntimeInstance initializing.
2010-12-08 18:51:28,277 - Default Properties File: org/apache/velocity/runtime/defaults/velocity.properties
2010-12-08 18:51:28,277 - Trying to use logger class org.apache.velocity.runtime.log.SimpleLog4JLogSystem
2010-12-08 18:51:28,277 - Using logger class org.apache.velocity.runtime.log.SimpleLog4JLogSystem
2010-12-08 18:51:28,281 - Default ResourceManager initializing. (class org.apache.velocity.runtime.resource.ResourceManagerImpl)
2010-12-08 18:51:28,284 - Resource Loader Instantiated: org.apache.velocity.runtime.resource.loader.ClasspathResourceLoader
2010-12-08 18:51:28,284 - ClasspathResourceLoader : initialization starting.
2010-12-08 18:51:28,284 - ClasspathResourceLoader : initialization complete.
2010-12-08 18:51:28,286 - ResourceCache : initialized. (class org.apache.velocity.runtime.resource.ResourceCacheImpl)
2010-12-08 18:51:28,286 - Default ResourceManager initialization complete.
2010-12-08 18:51:28,288 - Loaded System Directive: org.apache.velocity.runtime.directive.Literal
2010-12-08 18:51:28,290 - Loaded System Directive: org.apache.velocity.runtime.directive.Macro
2010-12-08 18:51:28,293 - Loaded System Directive: org.apache.velocity.runtime.directive.Parse
2010-12-08 18:51:28,295 - Loaded System Directive: org.apache.velocity.runtime.directive.Include
2010-12-08 18:51:28,296 - Loaded System Directive: org.apache.velocity.runtime.directive.Foreach
2010-12-08 18:51:28,334 - Created: 20 parsers.
2010-12-08 18:51:28,342 - Velocimacro : initialization starting.
2010-12-08 18:51:28,342 - Velocimacro : adding VMs from VM library template : VM_global_library.vm
2010-12-08 18:51:28,348 - ResourceManager : unable to find resource 'VM_global_library.vm' in any resource loader.
2010-12-08 18:51:28,348 - Velocimacro : error using  VM library template VM_global_library.vm : org.apache.velocity.exception.ResourceNotFoundException: Unable to find resource 'VM_global_library.vm'
2010-12-08 18:51:28,348 - Velocimacro :  VM library template macro registration complete.
2010-12-08 18:51:28,348 - Velocimacro : allowInline = true : VMs can be defined inline in templates
2010-12-08 18:51:28,348 - Velocimacro : allowInlineToOverride = false : VMs defined inline may NOT replace previous VM definitions
2010-12-08 18:51:28,348 - Velocimacro : allowInlineLocal = false : VMs defined inline will be  global in scope if allowed.
2010-12-08 18:51:28,349 - Velocimacro : messages on  : VM system will output logging messages
2010-12-08 18:51:28,349 - Velocimacro : autoload off  : VM system will not automatically reload global library macros
2010-12-08 18:51:28,349 - Velocimacro : initialization complete.
2010-12-08 18:51:28,349 - Velocity successfully started.
2010-12-08 19:13:42,011 - SimpleLog4JLogSystem initialized using logfile 'velocity.log'
2010-12-08 19:13:42,012 - ************************************************************** 
2010-12-08 19:13:42,012 - Starting Jakarta Velocity v1.4
2010-12-08 19:13:42,012 - RuntimeInstance initializing.
2010-12-08 19:13:42,012 - Default Properties File: org/apache/velocity/runtime/defaults/velocity.properties
2010-12-08 19:13:42,012 - Trying to use logger class org.apache.velocity.runtime.log.SimpleLog4JLogSystem
2010-12-08 19:13:42,012 - Using logger class org.apache.velocity.runtime.log.SimpleLog4JLogSystem
2010-12-08 19:13:42,016 - Default ResourceManager initializing. (class org.apache.velocity.runtime.resource.ResourceManagerImpl)
2010-12-08 19:13:42,020 - Resource Loader Instantiated: org.apache.velocity.runtime.resource.loader.ClasspathResourceLoader
2010-12-08 19:13:42,020 - ClasspathResourceLoader : initialization starting.
2010-12-08 19:13:42,020 - ClasspathResourceLoader : initialization complete.
2010-12-08 19:13:42,023 - ResourceCache : initialized. (class org.apache.velocity.runtime.resource.ResourceCacheImpl)
2010-12-08 19:13:42,023 - Default ResourceManager initialization complete.
2010-12-08 19:13:42,025 - Loaded System Directive: org.apache.velocity.runtime.directive.Literal
2010-12-08 19:13:42,027 - Loaded System Directive: org.apache.velocity.runtime.directive.Macro
2010-12-08 19:13:42,030 - Loaded System Directive: org.apache.velocity.runtime.directive.Parse
2010-12-08 19:13:42,032 - Loaded System Directive: org.apache.velocity.runtime.directive.Include
2010-12-08 19:13:42,033 - Loaded System Directive: org.apache.velocity.runtime.directive.Foreach
2010-12-08 19:13:42,071 - Created: 20 parsers.
2010-12-08 19:13:42,081 - Velocimacro : initialization starting.
2010-12-08 19:13:42,081 - Velocimacro : adding VMs from VM library template : VM_global_library.vm
2010-12-08 19:13:42,087 - ResourceManager : unable to find resource 'VM_global_library.vm' in any resource loader.
2010-12-08 19:13:42,087 - Velocimacro : error using  VM library template VM_global_library.vm : org.apache.velocity.exception.ResourceNotFoundException: Unable to find resource 'VM_global_library.vm'
2010-12-08 19:13:42,087 - Velocimacro :  VM library template macro registration complete.
2010-12-08 19:13:42,088 - Velocimacro : allowInline = true : VMs can be defined inline in templates
2010-12-08 19:13:42,088 - Velocimacro : allowInlineToOverride = false : VMs defined inline may NOT replace previous VM definitions
2010-12-08 19:13:42,088 - Velocimacro : allowInlineLocal = false : VMs defined inline will be  global in scope if allowed.
2010-12-08 19:13:42,088 - Velocimacro : messages on  : VM system will output logging messages
2010-12-08 19:13:42,088 - Velocimacro : autoload off  : VM system will not automatically reload global library macros
2010-12-08 19:13:42,088 - Velocimacro : initialization complete.
2010-12-08 19:13:42,088 - Velocity successfully started.
2010-12-08 19:14:01,281 - SimpleLog4JLogSystem initialized using logfile 'velocity.log'
2010-12-08 19:14:01,281 - ************************************************************** 
2010-12-08 19:14:01,281 - Starting Jakarta Velocity v1.4
2010-12-08 19:14:01,281 - RuntimeInstance initializing.
2010-12-08 19:14:01,281 - Default Properties File: org/apache/velocity/runtime/defaults/velocity.properties
2010-12-08 19:14:01,281 - Trying to use logger class org.apache.velocity.runtime.log.SimpleLog4JLogSystem
2010-12-08 19:14:01,281 - Using logger class org.apache.velocity.runtime.log.SimpleLog4JLogSystem
2010-12-08 19:14:01,285 - Default ResourceManager initializing. (class org.apache.velocity.runtime.resource.ResourceManagerImpl)
2010-12-08 19:14:01,288 - Resource Loader Instantiated: org.apache.velocity.runtime.resource.loader.ClasspathResourceLoader
2010-12-08 19:14:01,289 - ClasspathResourceLoader : initialization starting.
2010-12-08 19:14:01,289 - ClasspathResourceLoader : initialization complete.
2010-12-08 19:14:01,291 - ResourceCache : initialized. (class org.apache.velocity.runtime.resource.ResourceCacheImpl)
2010-12-08 19:14:01,291 - Default ResourceManager initialization complete.
2010-12-08 19:14:01,293 - Loaded System Directive: org.apache.velocity.runtime.directive.Literal
2010-12-08 19:14:01,295 - Loaded System Directive: org.apache.velocity.runtime.directive.Macro
2010-12-08 19:14:01,298 - Loaded System Directive: org.apache.velocity.runtime.directive.Parse
2010-12-08 19:14:01,300 - Loaded System Directive: org.apache.velocity.runtime.directive.Include
2010-12-08 19:14:01,302 - Loaded System Directive: org.apache.velocity.runtime.directive.Foreach
2010-12-08 19:14:01,340 - Created: 20 parsers.
2010-12-08 19:14:01,349 - Velocimacro : initialization starting.
2010-12-08 19:14:01,349 - Velocimacro : adding VMs from VM library template : VM_global_library.vm
2010-12-08 19:14:01,354 - ResourceManager : unable to find resource 'VM_global_library.vm' in any resource loader.
2010-12-08 19:14:01,354 - Velocimacro : error using  VM library template VM_global_library.vm : org.apache.velocity.exception.ResourceNotFoundException: Unable to find resource 'VM_global_library.vm'
2010-12-08 19:14:01,355 - Velocimacro :  VM library template macro registration complete.
2010-12-08 19:14:01,355 - Velocimacro : allowInline = true : VMs can be defined inline in templates
2010-12-08 19:14:01,355 - Velocimacro : allowInlineToOverride = false : VMs defined inline may NOT replace previous VM definitions
2010-12-08 19:14:01,355 - Velocimacro : allowInlineLocal = false : VMs defined inline will be  global in scope if allowed.
2010-12-08 19:14:01,355 - Velocimacro : messages on  : VM system will output logging messages
2010-12-08 19:14:01,355 - Velocimacro : autoload off  : VM system will not automatically reload global library macros
2010-12-08 19:14:01,355 - Velocimacro : initialization complete.
2010-12-08 19:14:01,355 - Velocity successfully started.
2010-12-09 12:12:58,339 - SimpleLog4JLogSystem initialized using logfile 'velocity.log'
2010-12-09 12:12:58,339 - ************************************************************** 
2010-12-09 12:12:58,340 - Starting Jakarta Velocity v1.4
2010-12-09 12:12:58,340 - RuntimeInstance initializing.
2010-12-09 12:12:58,340 - Default Properties File: org/apache/velocity/runtime/defaults/velocity.properties
2010-12-09 12:12:58,340 - Trying to use logger class org.apache.velocity.runtime.log.SimpleLog4JLogSystem
2010-12-09 12:12:58,340 - Using logger class org.apache.velocity.runtime.log.SimpleLog4JLogSystem
2010-12-09 12:12:58,344 - Default ResourceManager initializing. (class org.apache.velocity.runtime.resource.ResourceManagerImpl)
2010-12-09 12:12:58,348 - Resource Loader Instantiated: org.apache.velocity.runtime.resource.loader.ClasspathResourceLoader
2010-12-09 12:12:58,348 - ClasspathResourceLoader : initialization starting.
2010-12-09 12:12:58,348 - ClasspathResourceLoader : initialization complete.
2010-12-09 12:12:58,350 - ResourceCache : initialized. (class org.apache.velocity.runtime.resource.ResourceCacheImpl)
2010-12-09 12:12:58,351 - Default ResourceManager initialization complete.
2010-12-09 12:12:58,352 - Loaded System Directive: org.apache.velocity.runtime.directive.Literal
2010-12-09 12:12:58,355 - Loaded System Directive: org.apache.velocity.runtime.directive.Macro
2010-12-09 12:12:58,358 - Loaded System Directive: org.apache.velocity.runtime.directive.Parse
2010-12-09 12:12:58,361 - Loaded System Directive: org.apache.velocity.runtime.directive.Include
2010-12-09 12:12:58,362 - Loaded System Directive: org.apache.velocity.runtime.directive.Foreach
2010-12-09 12:12:58,410 - Created: 20 parsers.
2010-12-09 12:12:58,419 - Velocimacro : initialization starting.
2010-12-09 12:12:58,419 - Velocimacro : adding VMs from VM library template : VM_global_library.vm
2010-12-09 12:12:58,431 - ResourceManager : unable to find resource 'VM_global_library.vm' in any resource loader.
2010-12-09 12:12:58,431 - Velocimacro : error using  VM library template VM_global_library.vm : org.apache.velocity.exception.ResourceNotFoundException: Unable to find resource 'VM_global_library.vm'
2010-12-09 12:12:58,431 - Velocimacro :  VM library template macro registration complete.
2010-12-09 12:12:58,431 - Velocimacro : allowInline = true : VMs can be defined inline in templates
2010-12-09 12:12:58,431 - Velocimacro : allowInlineToOverride = false : VMs defined inline may NOT replace previous VM definitions
2010-12-09 12:12:58,431 - Velocimacro : allowInlineLocal = false : VMs defined inline will be  global in scope if allowed.
2010-12-09 12:12:58,431 - Velocimacro : messages on  : VM system will output logging messages
2010-12-09 12:12:58,431 - Velocimacro : autoload off  : VM system will not automatically reload global library macros
2010-12-09 12:12:58,432 - Velocimacro : initialization complete.
2010-12-09 12:12:58,432 - Velocity successfully started.
2010-12-09 17:21:03,094 - SimpleLog4JLogSystem initialized using logfile 'velocity.log'
2010-12-09 17:21:03,094 - ************************************************************** 
2010-12-09 17:21:03,094 - Starting Jakarta Velocity v1.4
2010-12-09 17:21:03,094 - RuntimeInstance initializing.
2010-12-09 17:21:03,094 - Default Properties File: org/apache/velocity/runtime/defaults/velocity.properties
2010-12-09 17:21:03,094 - Trying to use logger class org.apache.velocity.runtime.log.SimpleLog4JLogSystem
2010-12-09 17:21:03,094 - Using logger class org.apache.velocity.runtime.log.SimpleLog4JLogSystem
2010-12-09 17:21:03,099 - Default ResourceManager initializing. (class org.apache.velocity.runtime.resource.ResourceManagerImpl)
2010-12-09 17:21:03,105 - Resource Loader Instantiated: org.apache.velocity.runtime.resource.loader.ClasspathResourceLoader
2010-12-09 17:21:03,105 - ClasspathResourceLoader : initialization starting.
2010-12-09 17:21:03,105 - ClasspathResourceLoader : initialization complete.
2010-12-09 17:21:03,109 - ResourceCache : initialized. (class org.apache.velocity.runtime.resource.ResourceCacheImpl)
2010-12-09 17:21:03,109 - Default ResourceManager initialization complete.
2010-12-09 17:21:03,113 - Loaded System Directive: org.apache.velocity.runtime.directive.Literal
2010-12-09 17:21:03,116 - Loaded System Directive: org.apache.velocity.runtime.directive.Macro
2010-12-09 17:21:03,123 - Loaded System Directive: org.apache.velocity.runtime.directive.Parse
2010-12-09 17:21:03,125 - Loaded System Directive: org.apache.velocity.runtime.directive.Include
2010-12-09 17:21:03,130 - Loaded System Directive: org.apache.velocity.runtime.directive.Foreach
2010-12-09 17:21:03,185 - Created: 20 parsers.
2010-12-09 17:21:03,194 - Velocimacro : initialization starting.
2010-12-09 17:21:03,194 - Velocimacro : adding VMs from VM library template : VM_global_library.vm
2010-12-09 17:21:03,205 - ResourceManager : unable to find resource 'VM_global_library.vm' in any resource loader.
2010-12-09 17:21:03,206 - Velocimacro : error using  VM library template VM_global_library.vm : org.apache.velocity.exception.ResourceNotFoundException: Unable to find resource 'VM_global_library.vm'
2010-12-09 17:21:03,206 - Velocimacro :  VM library template macro registration complete.
2010-12-09 17:21:03,206 - Velocimacro : allowInline = true : VMs can be defined inline in templates
2010-12-09 17:21:03,206 - Velocimacro : allowInlineToOverride = false : VMs defined inline may NOT replace previous VM definitions
2010-12-09 17:21:03,206 - Velocimacro : allowInlineLocal = false : VMs defined inline will be  global in scope if allowed.
2010-12-09 17:21:03,206 - Velocimacro : messages on  : VM system will output logging messages
2010-12-09 17:21:03,206 - Velocimacro : autoload off  : VM system will not automatically reload global library macros
2010-12-09 17:21:03,206 - Velocimacro : initialization complete.
2010-12-09 17:21:03,206 - Velocity successfully started.
2010-12-09 17:29:03,735 - SimpleLog4JLogSystem initialized using logfile 'velocity.log'
2010-12-09 17:29:03,736 - ************************************************************** 
2010-12-09 17:29:03,736 - Starting Jakarta Velocity v1.4
2010-12-09 17:29:03,736 - RuntimeInstance initializing.
2010-12-09 17:29:03,736 - Default Properties File: org/apache/velocity/runtime/defaults/velocity.properties
2010-12-09 17:29:03,736 - Trying to use logger class org.apache.velocity.runtime.log.SimpleLog4JLogSystem
2010-12-09 17:29:03,736 - Using logger class org.apache.velocity.runtime.log.SimpleLog4JLogSystem
2010-12-09 17:29:03,748 - Default ResourceManager initializing. (class org.apache.velocity.runtime.resource.ResourceManagerImpl)
2010-12-09 17:29:03,752 - Resource Loader Instantiated: org.apache.velocity.runtime.resource.loader.ClasspathResourceLoader
2010-12-09 17:29:03,752 - ClasspathResourceLoader : initialization starting.
2010-12-09 17:29:03,752 - ClasspathResourceLoader : initialization complete.
2010-12-09 17:29:03,756 - ResourceCache : initialized. (class org.apache.velocity.runtime.resource.ResourceCacheImpl)
2010-12-09 17:29:03,756 - Default ResourceManager initialization complete.
2010-12-09 17:29:03,759 - Loaded System Directive: org.apache.velocity.runtime.directive.Literal
2010-12-09 17:29:03,762 - Loaded System Directive: org.apache.velocity.runtime.directive.Macro
2010-12-09 17:29:03,765 - Loaded System Directive: org.apache.velocity.runtime.directive.Parse
2010-12-09 17:29:03,767 - Loaded System Directive: org.apache.velocity.runtime.directive.Include
2010-12-09 17:29:03,769 - Loaded System Directive: org.apache.velocity.runtime.directive.Foreach
2010-12-09 17:29:03,823 - Created: 20 parsers.
2010-12-09 17:29:03,837 - Velocimacro : initialization starting.
2010-12-09 17:29:03,837 - Velocimacro : adding VMs from VM library template : VM_global_library.vm
2010-12-09 17:29:03,845 - ResourceManager : unable to find resource 'VM_global_library.vm' in any resource loader.
2010-12-09 17:29:03,846 - Velocimacro : error using  VM library template VM_global_library.vm : org.apache.velocity.exception.ResourceNotFoundException: Unable to find resource 'VM_global_library.vm'
2010-12-09 17:29:03,846 - Velocimacro :  VM library template macro registration complete.
2010-12-09 17:29:03,846 - Velocimacro : allowInline = true : VMs can be defined inline in templates
2010-12-09 17:29:03,846 - Velocimacro : allowInlineToOverride = false : VMs defined inline may NOT replace previous VM definitions
2010-12-09 17:29:03,846 - Velocimacro : allowInlineLocal = false : VMs defined inline will be  global in scope if allowed.
2010-12-09 17:29:03,846 - Velocimacro : messages on  : VM system will output logging messages
2010-12-09 17:29:03,846 - Velocimacro : autoload off  : VM system will not automatically reload global library macros
2010-12-09 17:29:03,846 - Velocimacro : initialization complete.
2010-12-09 17:29:03,846 - Velocity successfully started.
2010-12-09 17:32:09,504 - SimpleLog4JLogSystem initialized using logfile 'velocity.log'
2010-12-09 17:32:09,504 - ************************************************************** 
2010-12-09 17:32:09,504 - Starting Jakarta Velocity v1.4
2010-12-09 17:32:09,504 - RuntimeInstance initializing.
2010-12-09 17:32:09,504 - Default Properties File: org/apache/velocity/runtime/defaults/velocity.properties
2010-12-09 17:32:09,504 - Trying to use logger class org.apache.velocity.runtime.log.SimpleLog4JLogSystem
2010-12-09 17:32:09,504 - Using logger class org.apache.velocity.runtime.log.SimpleLog4JLogSystem
2010-12-09 17:32:09,517 - Default ResourceManager initializing. (class org.apache.velocity.runtime.resource.ResourceManagerImpl)
2010-12-09 17:32:09,521 - Resource Loader Instantiated: org.apache.velocity.runtime.resource.loader.ClasspathResourceLoader
2010-12-09 17:32:09,521 - ClasspathResourceLoader : initialization starting.
2010-12-09 17:32:09,521 - ClasspathResourceLoader : initialization complete.
2010-12-09 17:32:09,525 - ResourceCache : initialized. (class org.apache.velocity.runtime.resource.ResourceCacheImpl)
2010-12-09 17:32:09,525 - Default ResourceManager initialization complete.
2010-12-09 17:32:09,527 - Loaded System Directive: org.apache.velocity.runtime.directive.Literal
2010-12-09 17:32:09,530 - Loaded System Directive: org.apache.velocity.runtime.directive.Macro
2010-12-09 17:32:09,533 - Loaded System Directive: org.apache.velocity.runtime.directive.Parse
2010-12-09 17:32:09,536 - Loaded System Directive: org.apache.velocity.runtime.directive.Include
2010-12-09 17:32:09,537 - Loaded System Directive: org.apache.velocity.runtime.directive.Foreach
2010-12-09 17:32:09,579 - Created: 20 parsers.
2010-12-09 17:32:09,590 - Velocimacro : initialization starting.
2010-12-09 17:32:09,590 - Velocimacro : adding VMs from VM library template : VM_global_library.vm
2010-12-09 17:32:09,599 - ResourceManager : unable to find resource 'VM_global_library.vm' in any resource loader.
2010-12-09 17:32:09,599 - Velocimacro : error using  VM library template VM_global_library.vm : org.apache.velocity.exception.ResourceNotFoundException: Unable to find resource 'VM_global_library.vm'
2010-12-09 17:32:09,599 - Velocimacro :  VM library template macro registration complete.
2010-12-09 17:32:09,599 - Velocimacro : allowInline = true : VMs can be defined inline in templates
2010-12-09 17:32:09,599 - Velocimacro : allowInlineToOverride = false : VMs defined inline may NOT replace previous VM definitions
2010-12-09 17:32:09,599 - Velocimacro : allowInlineLocal = false : VMs defined inline will be  global in scope if allowed.
2010-12-09 17:32:09,599 - Velocimacro : messages on  : VM system will output logging messages
2010-12-09 17:32:09,599 - Velocimacro : autoload off  : VM system will not automatically reload global library macros
2010-12-09 17:32:09,599 - Velocimacro : initialization complete.
2010-12-09 17:32:09,599 - Velocity successfully started.
2010-12-09 20:23:54,158 - SimpleLog4JLogSystem initialized using logfile 'velocity.log'
2010-12-09 20:23:54,175 - ************************************************************** 
2010-12-09 20:23:54,175 - Starting Jakarta Velocity v1.4
2010-12-09 20:23:54,175 - RuntimeInstance initializing.
2010-12-09 20:23:54,175 - Default Properties File: org/apache/velocity/runtime/defaults/velocity.properties
2010-12-09 20:23:54,175 - Trying to use logger class org.apache.velocity.runtime.log.SimpleLog4JLogSystem
2010-12-09 20:23:54,175 - Using logger class org.apache.velocity.runtime.log.SimpleLog4JLogSystem
2010-12-09 20:23:54,179 - Default ResourceManager initializing. (class org.apache.velocity.runtime.resource.ResourceManagerImpl)
2010-12-09 20:23:54,183 - Resource Loader Instantiated: org.apache.velocity.runtime.resource.loader.ClasspathResourceLoader
2010-12-09 20:23:54,183 - ClasspathResourceLoader : initialization starting.
2010-12-09 20:23:54,184 - ClasspathResourceLoader : initialization complete.
2010-12-09 20:23:54,186 - ResourceCache : initialized. (class org.apache.velocity.runtime.resource.ResourceCacheImpl)
2010-12-09 20:23:54,186 - Default ResourceManager initialization complete.
2010-12-09 20:23:54,188 - Loaded System Directive: org.apache.velocity.runtime.directive.Literal
2010-12-09 20:23:54,190 - Loaded System Directive: org.apache.velocity.runtime.directive.Macro
2010-12-09 20:23:54,193 - Loaded System Directive: org.apache.velocity.runtime.directive.Parse
2010-12-09 20:23:54,197 - Loaded System Directive: org.apache.velocity.runtime.directive.Include
2010-12-09 20:23:54,199 - Loaded System Directive: org.apache.velocity.runtime.directive.Foreach
2010-12-09 20:23:54,275 - Created: 20 parsers.
2010-12-09 20:23:54,287 - Velocimacro : initialization starting.
2010-12-09 20:23:54,287 - Velocimacro : adding VMs from VM library template : VM_global_library.vm
2010-12-09 20:23:54,294 - ResourceManager : unable to find resource 'VM_global_library.vm' in any resource loader.
2010-12-09 20:23:54,300 - Velocimacro : error using  VM library template VM_global_library.vm : org.apache.velocity.exception.ResourceNotFoundException: Unable to find resource 'VM_global_library.vm'
2010-12-09 20:23:54,300 - Velocimacro :  VM library template macro registration complete.
2010-12-09 20:23:54,300 - Velocimacro : allowInline = true : VMs can be defined inline in templates
2010-12-09 20:23:54,301 - Velocimacro : allowInlineToOverride = false : VMs defined inline may NOT replace previous VM definitions
2010-12-09 20:23:54,301 - Velocimacro : allowInlineLocal = false : VMs defined inline will be  global in scope if allowed.
2010-12-09 20:23:54,301 - Velocimacro : messages on  : VM system will output logging messages
2010-12-09 20:23:54,301 - Velocimacro : autoload off  : VM system will not automatically reload global library macros
2010-12-09 20:23:54,301 - Velocimacro : initialization complete.
2010-12-09 20:23:54,301 - Velocity successfully started.
2010-12-09 20:28:32,081 - SimpleLog4JLogSystem initialized using logfile 'velocity.log'
2010-12-09 20:28:32,097 - ************************************************************** 
2010-12-09 20:28:32,097 - Starting Jakarta Velocity v1.4
2010-12-09 20:28:32,097 - RuntimeInstance initializing.
2010-12-09 20:28:32,097 - Default Properties File: org/apache/velocity/runtime/defaults/velocity.properties
2010-12-09 20:28:32,097 - Trying to use logger class org.apache.velocity.runtime.log.SimpleLog4JLogSystem
2010-12-09 20:28:32,097 - Using logger class org.apache.velocity.runtime.log.SimpleLog4JLogSystem
2010-12-09 20:28:32,101 - Default ResourceManager initializing. (class org.apache.velocity.runtime.resource.ResourceManagerImpl)
2010-12-09 20:28:32,104 - Resource Loader Instantiated: org.apache.velocity.runtime.resource.loader.ClasspathResourceLoader
2010-12-09 20:28:32,105 - ClasspathResourceLoader : initialization starting.
2010-12-09 20:28:32,105 - ClasspathResourceLoader : initialization complete.
2010-12-09 20:28:32,107 - ResourceCache : initialized. (class org.apache.velocity.runtime.resource.ResourceCacheImpl)
2010-12-09 20:28:32,107 - Default ResourceManager initialization complete.
2010-12-09 20:28:32,110 - Loaded System Directive: org.apache.velocity.runtime.directive.Literal
2010-12-09 20:28:32,112 - Loaded System Directive: org.apache.velocity.runtime.directive.Macro
2010-12-09 20:28:32,115 - Loaded System Directive: org.apache.velocity.runtime.directive.Parse
2010-12-09 20:28:32,118 - Loaded System Directive: org.apache.velocity.runtime.directive.Include
2010-12-09 20:28:32,119 - Loaded System Directive: org.apache.velocity.runtime.directive.Foreach
2010-12-09 20:28:32,165 - Created: 20 parsers.
2010-12-09 20:28:32,175 - Velocimacro : initialization starting.
2010-12-09 20:28:32,175 - Velocimacro : adding VMs from VM library template : VM_global_library.vm
2010-12-09 20:28:32,181 - ResourceManager : unable to find resource 'VM_global_library.vm' in any resource loader.
2010-12-09 20:28:32,181 - Velocimacro : error using  VM library template VM_global_library.vm : org.apache.velocity.exception.ResourceNotFoundException: Unable to find resource 'VM_global_library.vm'
2010-12-09 20:28:32,181 - Velocimacro :  VM library template macro registration complete.
2010-12-09 20:28:32,181 - Velocimacro : allowInline = true : VMs can be defined inline in templates
2010-12-09 20:28:32,181 - Velocimacro : allowInlineToOverride = false : VMs defined inline may NOT replace previous VM definitions
2010-12-09 20:28:32,181 - Velocimacro : allowInlineLocal = false : VMs defined inline will be  global in scope if allowed.
2010-12-09 20:28:32,181 - Velocimacro : messages on  : VM system will output logging messages
2010-12-09 20:28:32,181 - Velocimacro : autoload off  : VM system will not automatically reload global library macros
2010-12-09 20:28:32,181 - Velocimacro : initialization complete.
2010-12-09 20:28:32,182 - Velocity successfully started.
2010-12-09 20:37:25,936 - SimpleLog4JLogSystem initialized using logfile 'velocity.log'
2010-12-09 20:37:25,937 - ************************************************************** 
2010-12-09 20:37:25,937 - Starting Jakarta Velocity v1.4
2010-12-09 20:37:25,937 - RuntimeInstance initializing.
2010-12-09 20:37:25,937 - Default Properties File: org/apache/velocity/runtime/defaults/velocity.properties
2010-12-09 20:37:25,937 - Trying to use logger class org.apache.velocity.runtime.log.SimpleLog4JLogSystem
2010-12-09 20:37:25,937 - Using logger class org.apache.velocity.runtime.log.SimpleLog4JLogSystem
2010-12-09 20:37:25,941 - Default ResourceManager initializing. (class org.apache.velocity.runtime.resource.ResourceManagerImpl)
2010-12-09 20:37:25,945 - Resource Loader Instantiated: org.apache.velocity.runtime.resource.loader.ClasspathResourceLoader
2010-12-09 20:37:25,945 - ClasspathResourceLoader : initialization starting.
2010-12-09 20:37:25,945 - ClasspathResourceLoader : initialization complete.
2010-12-09 20:37:25,947 - ResourceCache : initialized. (class org.apache.velocity.runtime.resource.ResourceCacheImpl)
2010-12-09 20:37:25,947 - Default ResourceManager initialization complete.
2010-12-09 20:37:25,949 - Loaded System Directive: org.apache.velocity.runtime.directive.Literal
2010-12-09 20:37:25,951 - Loaded System Directive: org.apache.velocity.runtime.directive.Macro
2010-12-09 20:37:25,954 - Loaded System Directive: org.apache.velocity.runtime.directive.Parse
2010-12-09 20:37:25,956 - Loaded System Directive: org.apache.velocity.runtime.directive.Include
2010-12-09 20:37:25,958 - Loaded System Directive: org.apache.velocity.runtime.directive.Foreach
2010-12-09 20:37:25,995 - Created: 20 parsers.
2010-12-09 20:37:26,003 - Velocimacro : initialization starting.
2010-12-09 20:37:26,003 - Velocimacro : adding VMs from VM library template : VM_global_library.vm
2010-12-09 20:37:26,023 - ResourceManager : unable to find resource 'VM_global_library.vm' in any resource loader.
2010-12-09 20:37:26,023 - Velocimacro : error using  VM library template VM_global_library.vm : org.apache.velocity.exception.ResourceNotFoundException: Unable to find resource 'VM_global_library.vm'
2010-12-09 20:37:26,023 - Velocimacro :  VM library template macro registration complete.
2010-12-09 20:37:26,023 - Velocimacro : allowInline = true : VMs can be defined inline in templates
2010-12-09 20:37:26,023 - Velocimacro : allowInlineToOverride = false : VMs defined inline may NOT replace previous VM definitions
2010-12-09 20:37:26,023 - Velocimacro : allowInlineLocal = false : VMs defined inline will be  global in scope if allowed.
2010-12-09 20:37:26,023 - Velocimacro : messages on  : VM system will output logging messages
2010-12-09 20:37:26,024 - Velocimacro : autoload off  : VM system will not automatically reload global library macros
2010-12-09 20:37:26,024 - Velocimacro : initialization complete.
2010-12-09 20:37:26,024 - Velocity successfully started.
2010-12-10 11:35:02,104 - SimpleLog4JLogSystem initialized using logfile 'velocity.log'
2010-12-10 11:35:02,118 - ************************************************************** 
2010-12-10 11:35:02,118 - Starting Jakarta Velocity v1.4
2010-12-10 11:35:02,119 - RuntimeInstance initializing.
2010-12-10 11:35:02,119 - Default Properties File: org/apache/velocity/runtime/defaults/velocity.properties
2010-12-10 11:35:02,119 - Trying to use logger class org.apache.velocity.runtime.log.SimpleLog4JLogSystem
2010-12-10 11:35:02,119 - Using logger class org.apache.velocity.runtime.log.SimpleLog4JLogSystem
2010-12-10 11:35:02,123 - Default ResourceManager initializing. (class org.apache.velocity.runtime.resource.ResourceManagerImpl)
2010-12-10 11:35:02,127 - Resource Loader Instantiated: org.apache.velocity.runtime.resource.loader.ClasspathResourceLoader
2010-12-10 11:35:02,127 - ClasspathResourceLoader : initialization starting.
2010-12-10 11:35:02,127 - ClasspathResourceLoader : initialization complete.
2010-12-10 11:35:02,130 - ResourceCache : initialized. (class org.apache.velocity.runtime.resource.ResourceCacheImpl)
2010-12-10 11:35:02,130 - Default ResourceManager initialization complete.
2010-12-10 11:35:02,134 - Loaded System Directive: org.apache.velocity.runtime.directive.Literal
2010-12-10 11:35:02,137 - Loaded System Directive: org.apache.velocity.runtime.directive.Macro
2010-12-10 11:35:02,142 - Loaded System Directive: org.apache.velocity.runtime.directive.Parse
2010-12-10 11:35:02,144 - Loaded System Directive: org.apache.velocity.runtime.directive.Include
2010-12-10 11:35:02,145 - Loaded System Directive: org.apache.velocity.runtime.directive.Foreach
2010-12-10 11:35:02,198 - Created: 20 parsers.
2010-12-10 11:35:02,211 - Velocimacro : initialization starting.
2010-12-10 11:35:02,211 - Velocimacro : adding VMs from VM library template : VM_global_library.vm
2010-12-10 11:35:02,217 - ResourceManager : unable to find resource 'VM_global_library.vm' in any resource loader.
2010-12-10 11:35:02,217 - Velocimacro : error using  VM library template VM_global_library.vm : org.apache.velocity.exception.ResourceNotFoundException: Unable to find resource 'VM_global_library.vm'
2010-12-10 11:35:02,217 - Velocimacro :  VM library template macro registration complete.
2010-12-10 11:35:02,218 - Velocimacro : allowInline = true : VMs can be defined inline in templates
2010-12-10 11:35:02,218 - Velocimacro : allowInlineToOverride = false : VMs defined inline may NOT replace previous VM definitions
2010-12-10 11:35:02,218 - Velocimacro : allowInlineLocal = false : VMs defined inline will be  global in scope if allowed.
2010-12-10 11:35:02,218 - Velocimacro : messages on  : VM system will output logging messages
2010-12-10 11:35:02,218 - Velocimacro : autoload off  : VM system will not automatically reload global library macros
2010-12-10 11:35:02,218 - Velocimacro : initialization complete.
2010-12-10 11:35:02,218 - Velocity successfully started.
2010-12-10 14:07:11,376 - SimpleLog4JLogSystem initialized using logfile 'velocity.log'
2010-12-10 14:07:11,391 - ************************************************************** 
2010-12-10 14:07:11,391 - Starting Jakarta Velocity v1.4
2010-12-10 14:07:11,391 - RuntimeInstance initializing.
2010-12-10 14:07:11,391 - Default Properties File: org/apache/velocity/runtime/defaults/velocity.properties
2010-12-10 14:07:11,391 - Trying to use logger class org.apache.velocity.runtime.log.SimpleLog4JLogSystem
2010-12-10 14:07:11,391 - Using logger class org.apache.velocity.runtime.log.SimpleLog4JLogSystem
2010-12-10 14:07:11,395 - Default ResourceManager initializing. (class org.apache.velocity.runtime.resource.ResourceManagerImpl)
2010-12-10 14:07:11,398 - Resource Loader Instantiated: org.apache.velocity.runtime.resource.loader.ClasspathResourceLoader
2010-12-10 14:07:11,398 - ClasspathResourceLoader : initialization starting.
2010-12-10 14:07:11,398 - ClasspathResourceLoader : initialization complete.
2010-12-10 14:07:11,400 - ResourceCache : initialized. (class org.apache.velocity.runtime.resource.ResourceCacheImpl)
2010-12-10 14:07:11,400 - Default ResourceManager initialization complete.
2010-12-10 14:07:11,402 - Loaded System Directive: org.apache.velocity.runtime.directive.Literal
2010-12-10 14:07:11,404 - Loaded System Directive: org.apache.velocity.runtime.directive.Macro
2010-12-10 14:07:11,407 - Loaded System Directive: org.apache.velocity.runtime.directive.Parse
2010-12-10 14:07:11,409 - Loaded System Directive: org.apache.velocity.runtime.directive.Include
2010-12-10 14:07:11,410 - Loaded System Directive: org.apache.velocity.runtime.directive.Foreach
2010-12-10 14:07:11,448 - Created: 20 parsers.
2010-12-10 14:07:11,456 - Velocimacro : initialization starting.
2010-12-10 14:07:11,456 - Velocimacro : adding VMs from VM library template : VM_global_library.vm
2010-12-10 14:07:11,463 - ResourceManager : unable to find resource 'VM_global_library.vm' in any resource loader.
2010-12-10 14:07:11,463 - Velocimacro : error using  VM library template VM_global_library.vm : org.apache.velocity.exception.ResourceNotFoundException: Unable to find resource 'VM_global_library.vm'
2010-12-10 14:07:11,463 - Velocimacro :  VM library template macro registration complete.
2010-12-10 14:07:11,463 - Velocimacro : allowInline = true : VMs can be defined inline in templates
2010-12-10 14:07:11,463 - Velocimacro : allowInlineToOverride = false : VMs defined inline may NOT replace previous VM definitions
2010-12-10 14:07:11,463 - Velocimacro : allowInlineLocal = false : VMs defined inline will be  global in scope if allowed.
2010-12-10 14:07:11,463 - Velocimacro : messages on  : VM system will output logging messages
2010-12-10 14:07:11,463 - Velocimacro : autoload off  : VM system will not automatically reload global library macros
2010-12-10 14:07:11,463 - Velocimacro : initialization complete.
2010-12-10 14:07:11,463 - Velocity successfully started.
2013-06-06 21:56:39,322 - SimpleLog4JLogSystem initialized using logfile 'velocity.log'
2013-06-06 21:56:39,322 - ************************************************************** 
2013-06-06 21:56:39,322 - Starting Jakarta Velocity v1.4
2013-06-06 21:56:39,322 - RuntimeInstance initializing.
2013-06-06 21:56:39,323 - Default Properties File: org\apache\velocity\runtime\defaults\velocity.properties
2013-06-06 21:56:39,323 - Trying to use logger class org.apache.velocity.runtime.log.SimpleLog4JLogSystem
2013-06-06 21:56:39,323 - Using logger class org.apache.velocity.runtime.log.SimpleLog4JLogSystem
2013-06-06 21:56:39,327 - Default ResourceManager initializing. (class org.apache.velocity.runtime.resource.ResourceManagerImpl)
2013-06-06 21:56:39,332 - Resource Loader Instantiated: org.apache.velocity.runtime.resource.loader.ClasspathResourceLoader
2013-06-06 21:56:39,332 - ClasspathResourceLoader : initialization starting.
2013-06-06 21:56:39,332 - ClasspathResourceLoader : initialization complete.
2013-06-06 21:56:39,334 - ResourceCache : initialized. (class org.apache.velocity.runtime.resource.ResourceCacheImpl)
2013-06-06 21:56:39,334 - Default ResourceManager initialization complete.
2013-06-06 21:56:39,337 - Loaded System Directive: org.apache.velocity.runtime.directive.Literal
2013-06-06 21:56:39,340 - Loaded System Directive: org.apache.velocity.runtime.directive.Macro
2013-06-06 21:56:39,345 - Loaded System Directive: org.apache.velocity.runtime.directive.Parse
2013-06-06 21:56:39,347 - Loaded System Directive: org.apache.velocity.runtime.directive.Include
2013-06-06 21:56:39,349 - Loaded System Directive: org.apache.velocity.runtime.directive.Foreach
2013-06-06 21:56:39,412 - Created: 20 parsers.
2013-06-06 21:56:39,429 - Velocimacro : initialization starting.
2013-06-06 21:56:39,429 - Velocimacro : adding VMs from VM library template : VM_global_library.vm
2013-06-06 21:56:39,439 - ResourceManager : unable to find resource 'VM_global_library.vm' in any resource loader.
2013-06-06 21:56:39,439 - Velocimacro : error using  VM library template VM_global_library.vm : org.apache.velocity.exception.ResourceNotFoundException: Unable to find resource 'VM_global_library.vm'
2013-06-06 21:56:39,439 - Velocimacro :  VM library template macro registration complete.
2013-06-06 21:56:39,439 - Velocimacro : allowInline = true : VMs can be defined inline in templates
2013-06-06 21:56:39,439 - Velocimacro : allowInlineToOverride = false : VMs defined inline may NOT replace previous VM definitions
2013-06-06 21:56:39,439 - Velocimacro : allowInlineLocal = false : VMs defined inline will be  global in scope if allowed.
2013-06-06 21:56:39,439 - Velocimacro : messages on  : VM system will output logging messages
2013-06-06 21:56:39,439 - Velocimacro : autoload off  : VM system will not automatically reload global library macros
2013-06-06 21:56:39,439 - Velocimacro : initialization complete.
2013-06-06 21:56:39,439 - Velocity successfully started.
2013-06-06 22:21:55,764 - SimpleLog4JLogSystem initialized using logfile 'velocity.log'
2013-06-06 22:21:55,765 - ************************************************************** 
2013-06-06 22:21:55,765 - Starting Jakarta Velocity v1.4
2013-06-06 22:21:55,765 - RuntimeInstance initializing.
2013-06-06 22:21:55,765 - Default Properties File: org\apache\velocity\runtime\defaults\velocity.properties
2013-06-06 22:21:55,765 - Trying to use logger class org.apache.velocity.runtime.log.SimpleLog4JLogSystem
2013-06-06 22:21:55,765 - Using logger class org.apache.velocity.runtime.log.SimpleLog4JLogSystem
2013-06-06 22:21:55,772 - Default ResourceManager initializing. (class org.apache.velocity.runtime.resource.ResourceManagerImpl)
2013-06-06 22:21:55,778 - Resource Loader Instantiated: org.apache.velocity.runtime.resource.loader.ClasspathResourceLoader
2013-06-06 22:21:55,778 - ClasspathResourceLoader : initialization starting.
2013-06-06 22:21:55,778 - ClasspathResourceLoader : initialization complete.
2013-06-06 22:21:55,782 - ResourceCache : initialized. (class org.apache.velocity.runtime.resource.ResourceCacheImpl)
2013-06-06 22:21:55,782 - Default ResourceManager initialization complete.
2013-06-06 22:21:55,784 - Loaded System Directive: org.apache.velocity.runtime.directive.Literal
2013-06-06 22:21:55,787 - Loaded System Directive: org.apache.velocity.runtime.directive.Macro
2013-06-06 22:21:55,792 - Loaded System Directive: org.apache.velocity.runtime.directive.Parse
2013-06-06 22:21:55,795 - Loaded System Directive: org.apache.velocity.runtime.directive.Include
2013-06-06 22:21:55,797 - Loaded System Directive: org.apache.velocity.runtime.directive.Foreach
2013-06-06 22:21:55,857 - Created: 20 parsers.
2013-06-06 22:21:55,870 - Velocimacro : initialization starting.
2013-06-06 22:21:55,870 - Velocimacro : adding VMs from VM library template : VM_global_library.vm
2013-06-06 22:21:55,886 - ResourceManager : unable to find resource 'VM_global_library.vm' in any resource loader.
2013-06-06 22:21:55,886 - Velocimacro : error using  VM library template VM_global_library.vm : org.apache.velocity.exception.ResourceNotFoundException: Unable to find resource 'VM_global_library.vm'
2013-06-06 22:21:55,886 - Velocimacro :  VM library template macro registration complete.
2013-06-06 22:21:55,886 - Velocimacro : allowInline = true : VMs can be defined inline in templates
2013-06-06 22:21:55,886 - Velocimacro : allowInlineToOverride = false : VMs defined inline may NOT replace previous VM definitions
2013-06-06 22:21:55,886 - Velocimacro : allowInlineLocal = false : VMs defined inline will be  global in scope if allowed.
2013-06-06 22:21:55,886 - Velocimacro : messages on  : VM system will output logging messages
2013-06-06 22:21:55,886 - Velocimacro : autoload off  : VM system will not automatically reload global library macros
2013-06-06 22:21:55,886 - Velocimacro : initialization complete.
2013-06-06 22:21:55,886 - Velocity successfully started.
2013-06-26 17:05:47,902 - SimpleLog4JLogSystem initialized using logfile 'velocity.log'
2013-06-26 17:05:47,933 - ************************************************************** 
2013-06-26 17:05:47,933 - Starting Jakarta Velocity v1.4
2013-06-26 17:05:47,933 - RuntimeInstance initializing.
2013-06-26 17:05:47,948 - Default Properties File: org\apache\velocity\runtime\defaults\velocity.properties
2013-06-26 17:05:47,948 - Trying to use logger class org.apache.velocity.runtime.log.SimpleLog4JLogSystem
2013-06-26 17:05:47,948 - Using logger class org.apache.velocity.runtime.log.SimpleLog4JLogSystem
2013-06-26 17:05:47,964 - Default ResourceManager initializing. (class org.apache.velocity.runtime.resource.ResourceManagerImpl)
2013-06-26 17:05:48,026 - Resource Loader Instantiated: org.apache.velocity.runtime.resource.loader.ClasspathResourceLoader
2013-06-26 17:05:48,026 - ClasspathResourceLoader : initialization starting.
2013-06-26 17:05:48,026 - ClasspathResourceLoader : initialization complete.
2013-06-26 17:05:48,026 - ResourceCache : initialized. (class org.apache.velocity.runtime.resource.ResourceCacheImpl)
2013-06-26 17:05:48,026 - Default ResourceManager initialization complete.
2013-06-26 17:05:48,026 - Loaded System Directive: org.apache.velocity.runtime.directive.Literal
2013-06-26 17:05:48,073 - Loaded System Directive: org.apache.velocity.runtime.directive.Macro
2013-06-26 17:05:48,073 - Loaded System Directive: org.apache.velocity.runtime.directive.Parse
2013-06-26 17:05:48,089 - Loaded System Directive: org.apache.velocity.runtime.directive.Include
2013-06-26 17:05:48,089 - Loaded System Directive: org.apache.velocity.runtime.directive.Foreach
2013-06-26 17:05:48,245 - Created: 20 parsers.
2013-06-26 17:05:48,276 - Velocimacro : initialization starting.
2013-06-26 17:05:48,276 - Velocimacro : adding VMs from VM library template : VM_global_library.vm
2013-06-26 17:05:48,276 - ResourceManager : unable to find resource 'VM_global_library.vm' in any resource loader.
2013-06-26 17:05:48,276 - Velocimacro : error using  VM library template VM_global_library.vm : org.apache.velocity.exception.ResourceNotFoundException: Unable to find resource 'VM_global_library.vm'
2013-06-26 17:05:48,276 - Velocimacro :  VM library template macro registration complete.
2013-06-26 17:05:48,276 - Velocimacro : allowInline = true : VMs can be defined inline in templates
2013-06-26 17:05:48,276 - Velocimacro : allowInlineToOverride = false : VMs defined inline may NOT replace previous VM definitions
2013-06-26 17:05:48,276 - Velocimacro : allowInlineLocal = false : VMs defined inline will be  global in scope if allowed.
2013-06-26 17:05:48,276 - Velocimacro : messages on  : VM system will output logging messages
2013-06-26 17:05:48,276 - Velocimacro : autoload off  : VM system will not automatically reload global library macros
2013-06-26 17:05:48,276 - Velocimacro : initialization complete.
2013-06-26 17:05:48,276 - Velocity successfully started.
2013-06-26 17:09:51,170 - SimpleLog4JLogSystem initialized using logfile 'velocity.log'
2013-06-26 17:09:51,170 - ************************************************************** 
2013-06-26 17:09:51,170 - Starting Jakarta Velocity v1.4
2013-06-26 17:09:51,170 - RuntimeInstance initializing.
2013-06-26 17:09:51,170 - Default Properties File: org\apache\velocity\runtime\defaults\velocity.properties
2013-06-26 17:09:51,170 - Trying to use logger class org.apache.velocity.runtime.log.SimpleLog4JLogSystem
2013-06-26 17:09:51,170 - Using logger class org.apache.velocity.runtime.log.SimpleLog4JLogSystem
2013-06-26 17:09:51,186 - Default ResourceManager initializing. (class org.apache.velocity.runtime.resource.ResourceManagerImpl)
2013-06-26 17:09:51,186 - Resource Loader Instantiated: org.apache.velocity.runtime.resource.loader.ClasspathResourceLoader
2013-06-26 17:09:51,186 - ClasspathResourceLoader : initialization starting.
2013-06-26 17:09:51,186 - ClasspathResourceLoader : initialization complete.
2013-06-26 17:09:51,186 - ResourceCache : initialized. (class org.apache.velocity.runtime.resource.ResourceCacheImpl)
2013-06-26 17:09:51,186 - Default ResourceManager initialization complete.
2013-06-26 17:09:51,186 - Loaded System Directive: org.apache.velocity.runtime.directive.Literal
2013-06-26 17:09:51,186 - Loaded System Directive: org.apache.velocity.runtime.directive.Macro
2013-06-26 17:09:51,202 - Loaded System Directive: org.apache.velocity.runtime.directive.Parse
2013-06-26 17:09:51,202 - Loaded System Directive: org.apache.velocity.runtime.directive.Include
2013-06-26 17:09:51,202 - Loaded System Directive: org.apache.velocity.runtime.directive.Foreach
2013-06-26 17:09:51,233 - Created: 20 parsers.
2013-06-26 17:09:51,248 - Velocimacro : initialization starting.
2013-06-26 17:09:51,248 - Velocimacro : adding VMs from VM library template : VM_global_library.vm
2013-06-26 17:09:51,264 - ResourceManager : unable to find resource 'VM_global_library.vm' in any resource loader.
2013-06-26 17:09:51,264 - Velocimacro : error using  VM library template VM_global_library.vm : org.apache.velocity.exception.ResourceNotFoundException: Unable to find resource 'VM_global_library.vm'
2013-06-26 17:09:51,264 - Velocimacro :  VM library template macro registration complete.
2013-06-26 17:09:51,264 - Velocimacro : allowInline = true : VMs can be defined inline in templates
2013-06-26 17:09:51,264 - Velocimacro : allowInlineToOverride = false : VMs defined inline may NOT replace previous VM definitions
2013-06-26 17:09:51,264 - Velocimacro : allowInlineLocal = false : VMs defined inline will be  global in scope if allowed.
2013-06-26 17:09:51,264 - Velocimacro : messages on  : VM system will output logging messages
2013-06-26 17:09:51,264 - Velocimacro : autoload off  : VM system will not automatically reload global library macros
2013-06-26 17:09:51,264 - Velocimacro : initialization complete.
2013-06-26 17:09:51,264 - Velocity successfully started.
2013-06-26 17:11:49,483 - SimpleLog4JLogSystem initialized using logfile 'velocity.log'
2013-06-26 17:11:49,483 - ************************************************************** 
2013-06-26 17:11:49,483 - Starting Jakarta Velocity v1.4
2013-06-26 17:11:49,483 - RuntimeInstance initializing.
2013-06-26 17:11:49,483 - Default Properties File: org\apache\velocity\runtime\defaults\velocity.properties
2013-06-26 17:11:49,483 - Trying to use logger class org.apache.velocity.runtime.log.SimpleLog4JLogSystem
2013-06-26 17:11:49,483 - Using logger class org.apache.velocity.runtime.log.SimpleLog4JLogSystem
2013-06-26 17:11:49,499 - Default ResourceManager initializing. (class org.apache.velocity.runtime.resource.ResourceManagerImpl)
2013-06-26 17:11:49,499 - Resource Loader Instantiated: org.apache.velocity.runtime.resource.loader.ClasspathResourceLoader
2013-06-26 17:11:49,499 - ClasspathResourceLoader : initialization starting.
2013-06-26 17:11:49,499 - ClasspathResourceLoader : initialization complete.
2013-06-26 17:11:49,499 - ResourceCache : initialized. (class org.apache.velocity.runtime.resource.ResourceCacheImpl)
2013-06-26 17:11:49,499 - Default ResourceManager initialization complete.
2013-06-26 17:11:49,499 - Loaded System Directive: org.apache.velocity.runtime.directive.Literal
2013-06-26 17:11:49,499 - Loaded System Directive: org.apache.velocity.runtime.directive.Macro
2013-06-26 17:11:49,514 - Loaded System Directive: org.apache.velocity.runtime.directive.Parse
2013-06-26 17:11:49,514 - Loaded System Directive: org.apache.velocity.runtime.directive.Include
2013-06-26 17:11:49,514 - Loaded System Directive: org.apache.velocity.runtime.directive.Foreach
2013-06-26 17:11:49,545 - Created: 20 parsers.
2013-06-26 17:11:49,561 - Velocimacro : initialization starting.
2013-06-26 17:11:49,561 - Velocimacro : adding VMs from VM library template : VM_global_library.vm
2013-06-26 17:11:49,577 - ResourceManager : unable to find resource 'VM_global_library.vm' in any resource loader.
2013-06-26 17:11:49,577 - Velocimacro : error using  VM library template VM_global_library.vm : org.apache.velocity.exception.ResourceNotFoundException: Unable to find resource 'VM_global_library.vm'
2013-06-26 17:11:49,577 - Velocimacro :  VM library template macro registration complete.
2013-06-26 17:11:49,577 - Velocimacro : allowInline = true : VMs can be defined inline in templates
2013-06-26 17:11:49,577 - Velocimacro : allowInlineToOverride = false : VMs defined inline may NOT replace previous VM definitions
2013-06-26 17:11:49,577 - Velocimacro : allowInlineLocal = false : VMs defined inline will be  global in scope if allowed.
2013-06-26 17:11:49,577 - Velocimacro : messages on  : VM system will output logging messages
2013-06-26 17:11:49,577 - Velocimacro : autoload off  : VM system will not automatically reload global library macros
2013-06-26 17:11:49,577 - Velocimacro : initialization complete.
2013-06-26 17:11:49,577 - Velocity successfully started.
2013-06-26 17:50:39,343 - SimpleLog4JLogSystem initialized using logfile 'velocity.log'
2013-06-26 17:50:39,357 - ************************************************************** 
2013-06-26 17:50:39,357 - Starting Jakarta Velocity v1.4
2013-06-26 17:50:39,357 - RuntimeInstance initializing.
2013-06-26 17:50:39,357 - Default Properties File: org\apache\velocity\runtime\defaults\velocity.properties
2013-06-26 17:50:39,357 - Trying to use logger class org.apache.velocity.runtime.log.SimpleLog4JLogSystem
2013-06-26 17:50:39,357 - Using logger class org.apache.velocity.runtime.log.SimpleLog4JLogSystem
2013-06-26 17:50:39,366 - Default ResourceManager initializing. (class org.apache.velocity.runtime.resource.ResourceManagerImpl)
2013-06-26 17:50:39,371 - Resource Loader Instantiated: org.apache.velocity.runtime.resource.loader.ClasspathResourceLoader
2013-06-26 17:50:39,371 - ClasspathResourceLoader : initialization starting.
2013-06-26 17:50:39,371 - ClasspathResourceLoader : initialization complete.
2013-06-26 17:50:39,374 - ResourceCache : initialized. (class org.apache.velocity.runtime.resource.ResourceCacheImpl)
2013-06-26 17:50:39,374 - Default ResourceManager initialization complete.
2013-06-26 17:50:39,378 - Loaded System Directive: org.apache.velocity.runtime.directive.Literal
2013-06-26 17:50:39,381 - Loaded System Directive: org.apache.velocity.runtime.directive.Macro
2013-06-26 17:50:39,386 - Loaded System Directive: org.apache.velocity.runtime.directive.Parse
2013-06-26 17:50:39,390 - Loaded System Directive: org.apache.velocity.runtime.directive.Include
2013-06-26 17:50:39,392 - Loaded System Directive: org.apache.velocity.runtime.directive.Foreach
2013-06-26 17:50:39,435 - Created: 20 parsers.
2013-06-26 17:50:39,446 - Velocimacro : initialization starting.
2013-06-26 17:50:39,446 - Velocimacro : adding VMs from VM library template : VM_global_library.vm
2013-06-26 17:50:39,459 - ResourceManager : unable to find resource 'VM_global_library.vm' in any resource loader.
2013-06-26 17:50:39,459 - Velocimacro : error using  VM library template VM_global_library.vm : org.apache.velocity.exception.ResourceNotFoundException: Unable to find resource 'VM_global_library.vm'
2013-06-26 17:50:39,459 - Velocimacro :  VM library template macro registration complete.
2013-06-26 17:50:39,459 - Velocimacro : allowInline = true : VMs can be defined inline in templates
2013-06-26 17:50:39,459 - Velocimacro : allowInlineToOverride = false : VMs defined inline may NOT replace previous VM definitions
2013-06-26 17:50:39,459 - Velocimacro : allowInlineLocal = false : VMs defined inline will be  global in scope if allowed.
2013-06-26 17:50:39,459 - Velocimacro : messages on  : VM system will output logging messages
2013-06-26 17:50:39,459 - Velocimacro : autoload off  : VM system will not automatically reload global library macros
2013-06-26 17:50:39,459 - Velocimacro : initialization complete.
2013-06-26 17:50:39,459 - Velocity successfully started.
2013-06-26 17:57:00,909 - SimpleLog4JLogSystem initialized using logfile 'velocity.log'
2013-06-26 17:57:00,910 - ************************************************************** 
2013-06-26 17:57:00,910 - Starting Jakarta Velocity v1.4
2013-06-26 17:57:00,910 - RuntimeInstance initializing.
2013-06-26 17:57:00,910 - Default Properties File: org\apache\velocity\runtime\defaults\velocity.properties
2013-06-26 17:57:00,910 - Trying to use logger class org.apache.velocity.runtime.log.SimpleLog4JLogSystem
2013-06-26 17:57:00,910 - Using logger class org.apache.velocity.runtime.log.SimpleLog4JLogSystem
2013-06-26 17:57:00,916 - Default ResourceManager initializing. (class org.apache.velocity.runtime.resource.ResourceManagerImpl)
2013-06-26 17:57:00,920 - Resource Loader Instantiated: org.apache.velocity.runtime.resource.loader.ClasspathResourceLoader
2013-06-26 17:57:00,921 - ClasspathResourceLoader : initialization starting.
2013-06-26 17:57:00,921 - ClasspathResourceLoader : initialization complete.
2013-06-26 17:57:00,923 - ResourceCache : initialized. (class org.apache.velocity.runtime.resource.ResourceCacheImpl)
2013-06-26 17:57:00,923 - Default ResourceManager initialization complete.
2013-06-26 17:57:00,926 - Loaded System Directive: org.apache.velocity.runtime.directive.Literal
2013-06-26 17:57:00,929 - Loaded System Directive: org.apache.velocity.runtime.directive.Macro
2013-06-26 17:57:00,933 - Loaded System Directive: org.apache.velocity.runtime.directive.Parse
2013-06-26 17:57:00,936 - Loaded System Directive: org.apache.velocity.runtime.directive.Include
2013-06-26 17:57:00,939 - Loaded System Directive: org.apache.velocity.runtime.directive.Foreach
2013-06-26 17:57:00,998 - Created: 20 parsers.
2013-06-26 17:57:01,012 - Velocimacro : initialization starting.
2013-06-26 17:57:01,013 - Velocimacro : adding VMs from VM library template : VM_global_library.vm
2013-06-26 17:57:01,026 - ResourceManager : unable to find resource 'VM_global_library.vm' in any resource loader.
2013-06-26 17:57:01,026 - Velocimacro : error using  VM library template VM_global_library.vm : org.apache.velocity.exception.ResourceNotFoundException: Unable to find resource 'VM_global_library.vm'
2013-06-26 17:57:01,026 - Velocimacro :  VM library template macro registration complete.
2013-06-26 17:57:01,026 - Velocimacro : allowInline = true : VMs can be defined inline in templates
2013-06-26 17:57:01,027 - Velocimacro : allowInlineToOverride = false : VMs defined inline may NOT replace previous VM definitions
2013-06-26 17:57:01,027 - Velocimacro : allowInlineLocal = false : VMs defined inline will be  global in scope if allowed.
2013-06-26 17:57:01,027 - Velocimacro : messages on  : VM system will output logging messages
2013-06-26 17:57:01,027 - Velocimacro : autoload off  : VM system will not automatically reload global library macros
2013-06-26 17:57:01,027 - Velocimacro : initialization complete.
2013-06-26 17:57:01,027 - Velocity successfully started.
2013-06-26 18:25:00,081 - SimpleLog4JLogSystem initialized using logfile 'velocity.log'
2013-06-26 18:25:00,081 - ************************************************************** 
2013-06-26 18:25:00,081 - Starting Jakarta Velocity v1.4
2013-06-26 18:25:00,081 - RuntimeInstance initializing.
2013-06-26 18:25:00,081 - Default Properties File: org\apache\velocity\runtime\defaults\velocity.properties
2013-06-26 18:25:00,081 - Trying to use logger class org.apache.velocity.runtime.log.SimpleLog4JLogSystem
2013-06-26 18:25:00,081 - Using logger class org.apache.velocity.runtime.log.SimpleLog4JLogSystem
2013-06-26 18:25:00,091 - Default ResourceManager initializing. (class org.apache.velocity.runtime.resource.ResourceManagerImpl)
2013-06-26 18:25:00,091 - Resource Loader Instantiated: org.apache.velocity.runtime.resource.loader.ClasspathResourceLoader
2013-06-26 18:25:00,091 - ClasspathResourceLoader : initialization starting.
2013-06-26 18:25:00,091 - ClasspathResourceLoader : initialization complete.
2013-06-26 18:25:00,091 - ResourceCache : initialized. (class org.apache.velocity.runtime.resource.ResourceCacheImpl)
2013-06-26 18:25:00,091 - Default ResourceManager initialization complete.
2013-06-26 18:25:00,091 - Loaded System Directive: org.apache.velocity.runtime.directive.Literal
2013-06-26 18:25:00,101 - Loaded System Directive: org.apache.velocity.runtime.directive.Macro
2013-06-26 18:25:00,101 - Loaded System Directive: org.apache.velocity.runtime.directive.Parse
2013-06-26 18:25:00,101 - Loaded System Directive: org.apache.velocity.runtime.directive.Include
2013-06-26 18:25:00,101 - Loaded System Directive: org.apache.velocity.runtime.directive.Foreach
2013-06-26 18:25:00,141 - Created: 20 parsers.
2013-06-26 18:25:00,161 - Velocimacro : initialization starting.
2013-06-26 18:25:00,161 - Velocimacro : adding VMs from VM library template : VM_global_library.vm
2013-06-26 18:25:00,171 - ResourceManager : unable to find resource 'VM_global_library.vm' in any resource loader.
2013-06-26 18:25:00,171 - Velocimacro : error using  VM library template VM_global_library.vm : org.apache.velocity.exception.ResourceNotFoundException: Unable to find resource 'VM_global_library.vm'
2013-06-26 18:25:00,171 - Velocimacro :  VM library template macro registration complete.
2013-06-26 18:25:00,171 - Velocimacro : allowInline = true : VMs can be defined inline in templates
2013-06-26 18:25:00,171 - Velocimacro : allowInlineToOverride = false : VMs defined inline may NOT replace previous VM definitions
2013-06-26 18:25:00,171 - Velocimacro : allowInlineLocal = false : VMs defined inline will be  global in scope if allowed.
2013-06-26 18:25:00,171 - Velocimacro : messages on  : VM system will output logging messages
2013-06-26 18:25:00,171 - Velocimacro : autoload off  : VM system will not automatically reload global library macros
2013-06-26 18:25:00,171 - Velocimacro : initialization complete.
2013-06-26 18:25:00,171 - Velocity successfully started.
2013-06-26 18:30:07,145 - SimpleLog4JLogSystem initialized using logfile 'velocity.log'
2013-06-26 18:30:07,145 - ************************************************************** 
2013-06-26 18:30:07,145 - Starting Jakarta Velocity v1.4
2013-06-26 18:30:07,145 - RuntimeInstance initializing.
2013-06-26 18:30:07,145 - Default Properties File: org\apache\velocity\runtime\defaults\velocity.properties
2013-06-26 18:30:07,145 - Trying to use logger class org.apache.velocity.runtime.log.SimpleLog4JLogSystem
2013-06-26 18:30:07,145 - Using logger class org.apache.velocity.runtime.log.SimpleLog4JLogSystem
2013-06-26 18:30:07,145 - Default ResourceManager initializing. (class org.apache.velocity.runtime.resource.ResourceManagerImpl)
2013-06-26 18:30:07,160 - Resource Loader Instantiated: org.apache.velocity.runtime.resource.loader.ClasspathResourceLoader
2013-06-26 18:30:07,160 - ClasspathResourceLoader : initialization starting.
2013-06-26 18:30:07,160 - ClasspathResourceLoader : initialization complete.
2013-06-26 18:30:07,160 - ResourceCache : initialized. (class org.apache.velocity.runtime.resource.ResourceCacheImpl)
2013-06-26 18:30:07,160 - Default ResourceManager initialization complete.
2013-06-26 18:30:07,160 - Loaded System Directive: org.apache.velocity.runtime.directive.Literal
2013-06-26 18:30:07,160 - Loaded System Directive: org.apache.velocity.runtime.directive.Macro
2013-06-26 18:30:07,160 - Loaded System Directive: org.apache.velocity.runtime.directive.Parse
2013-06-26 18:30:07,176 - Loaded System Directive: org.apache.velocity.runtime.directive.Include
2013-06-26 18:30:07,176 - Loaded System Directive: org.apache.velocity.runtime.directive.Foreach
2013-06-26 18:30:07,223 - Created: 20 parsers.
2013-06-26 18:30:07,223 - Velocimacro : initialization starting.
2013-06-26 18:30:07,223 - Velocimacro : adding VMs from VM library template : VM_global_library.vm
2013-06-26 18:30:07,238 - ResourceManager : unable to find resource 'VM_global_library.vm' in any resource loader.
2013-06-26 18:30:07,238 - Velocimacro : error using  VM library template VM_global_library.vm : org.apache.velocity.exception.ResourceNotFoundException: Unable to find resource 'VM_global_library.vm'
2013-06-26 18:30:07,238 - Velocimacro :  VM library template macro registration complete.
2013-06-26 18:30:07,238 - Velocimacro : allowInline = true : VMs can be defined inline in templates
2013-06-26 18:30:07,238 - Velocimacro : allowInlineToOverride = false : VMs defined inline may NOT replace previous VM definitions
2013-06-26 18:30:07,238 - Velocimacro : allowInlineLocal = false : VMs defined inline will be  global in scope if allowed.
2013-06-26 18:30:07,238 - Velocimacro : messages on  : VM system will output logging messages
2013-06-26 18:30:07,238 - Velocimacro : autoload off  : VM system will not automatically reload global library macros
2013-06-26 18:30:07,238 - Velocimacro : initialization complete.
2013-06-26 18:30:07,238 - Velocity successfully started.
2013-06-26 18:34:21,732 - SimpleLog4JLogSystem initialized using logfile 'velocity.log'
2013-06-26 18:34:21,732 - ************************************************************** 
2013-06-26 18:34:21,732 - Starting Jakarta Velocity v1.4
2013-06-26 18:34:21,742 - RuntimeInstance initializing.
2013-06-26 18:34:21,742 - Default Properties File: org\apache\velocity\runtime\defaults\velocity.properties
2013-06-26 18:34:21,742 - Trying to use logger class org.apache.velocity.runtime.log.SimpleLog4JLogSystem
2013-06-26 18:34:21,742 - Using logger class org.apache.velocity.runtime.log.SimpleLog4JLogSystem
2013-06-26 18:34:21,742 - Default ResourceManager initializing. (class org.apache.velocity.runtime.resource.ResourceManagerImpl)
2013-06-26 18:34:21,752 - Resource Loader Instantiated: org.apache.velocity.runtime.resource.loader.ClasspathResourceLoader
2013-06-26 18:34:21,752 - ClasspathResourceLoader : initialization starting.
2013-06-26 18:34:21,752 - ClasspathResourceLoader : initialization complete.
2013-06-26 18:34:21,752 - ResourceCache : initialized. (class org.apache.velocity.runtime.resource.ResourceCacheImpl)
2013-06-26 18:34:21,752 - Default ResourceManager initialization complete.
2013-06-26 18:34:21,752 - Loaded System Directive: org.apache.velocity.runtime.directive.Literal
2013-06-26 18:34:21,752 - Loaded System Directive: org.apache.velocity.runtime.directive.Macro
2013-06-26 18:34:21,762 - Loaded System Directive: org.apache.velocity.runtime.directive.Parse
2013-06-26 18:34:21,762 - Loaded System Directive: org.apache.velocity.runtime.directive.Include
2013-06-26 18:34:21,762 - Loaded System Directive: org.apache.velocity.runtime.directive.Foreach
2013-06-26 18:34:21,802 - Created: 20 parsers.
2013-06-26 18:34:21,812 - Velocimacro : initialization starting.
2013-06-26 18:34:21,812 - Velocimacro : adding VMs from VM library template : VM_global_library.vm
2013-06-26 18:34:21,832 - ResourceManager : unable to find resource 'VM_global_library.vm' in any resource loader.
2013-06-26 18:34:21,832 - Velocimacro : error using  VM library template VM_global_library.vm : org.apache.velocity.exception.ResourceNotFoundException: Unable to find resource 'VM_global_library.vm'
2013-06-26 18:34:21,832 - Velocimacro :  VM library template macro registration complete.
2013-06-26 18:34:21,832 - Velocimacro : allowInline = true : VMs can be defined inline in templates
2013-06-26 18:34:21,832 - Velocimacro : allowInlineToOverride = false : VMs defined inline may NOT replace previous VM definitions
2013-06-26 18:34:21,832 - Velocimacro : allowInlineLocal = false : VMs defined inline will be  global in scope if allowed.
2013-06-26 18:34:21,832 - Velocimacro : messages on  : VM system will output logging messages
2013-06-26 18:34:21,832 - Velocimacro : autoload off  : VM system will not automatically reload global library macros
2013-06-26 18:34:21,832 - Velocimacro : initialization complete.
2013-06-26 18:34:21,832 - Velocity successfully started.
2013-06-26 18:35:43,090 - SimpleLog4JLogSystem initialized using logfile 'velocity.log'
2013-06-26 18:35:43,091 - ************************************************************** 
2013-06-26 18:35:43,091 - Starting Jakarta Velocity v1.4
2013-06-26 18:35:43,091 - RuntimeInstance initializing.
2013-06-26 18:35:43,091 - Default Properties File: org\apache\velocity\runtime\defaults\velocity.properties
2013-06-26 18:35:43,091 - Trying to use logger class org.apache.velocity.runtime.log.SimpleLog4JLogSystem
2013-06-26 18:35:43,091 - Using logger class org.apache.velocity.runtime.log.SimpleLog4JLogSystem
2013-06-26 18:35:43,098 - Default ResourceManager initializing. (class org.apache.velocity.runtime.resource.ResourceManagerImpl)
2013-06-26 18:35:43,102 - Resource Loader Instantiated: org.apache.velocity.runtime.resource.loader.ClasspathResourceLoader
2013-06-26 18:35:43,103 - ClasspathResourceLoader : initialization starting.
2013-06-26 18:35:43,103 - ClasspathResourceLoader : initialization complete.
2013-06-26 18:35:43,105 - ResourceCache : initialized. (class org.apache.velocity.runtime.resource.ResourceCacheImpl)
2013-06-26 18:35:43,106 - Default ResourceManager initialization complete.
2013-06-26 18:35:43,108 - Loaded System Directive: org.apache.velocity.runtime.directive.Literal
2013-06-26 18:35:43,111 - Loaded System Directive: org.apache.velocity.runtime.directive.Macro
2013-06-26 18:35:43,115 - Loaded System Directive: org.apache.velocity.runtime.directive.Parse
2013-06-26 18:35:43,118 - Loaded System Directive: org.apache.velocity.runtime.directive.Include
2013-06-26 18:35:43,120 - Loaded System Directive: org.apache.velocity.runtime.directive.Foreach
2013-06-26 18:35:43,160 - Created: 20 parsers.
2013-06-26 18:35:43,170 - Velocimacro : initialization starting.
2013-06-26 18:35:43,170 - Velocimacro : adding VMs from VM library template : VM_global_library.vm
2013-06-26 18:35:43,180 - ResourceManager : unable to find resource 'VM_global_library.vm' in any resource loader.
2013-06-26 18:35:43,180 - Velocimacro : error using  VM library template VM_global_library.vm : org.apache.velocity.exception.ResourceNotFoundException: Unable to find resource 'VM_global_library.vm'
2013-06-26 18:35:43,180 - Velocimacro :  VM library template macro registration complete.
2013-06-26 18:35:43,180 - Velocimacro : allowInline = true : VMs can be defined inline in templates
2013-06-26 18:35:43,180 - Velocimacro : allowInlineToOverride = false : VMs defined inline may NOT replace previous VM definitions
2013-06-26 18:35:43,180 - Velocimacro : allowInlineLocal = false : VMs defined inline will be  global in scope if allowed.
2013-06-26 18:35:43,180 - Velocimacro : messages on  : VM system will output logging messages
2013-06-26 18:35:43,180 - Velocimacro : autoload off  : VM system will not automatically reload global library macros
2013-06-26 18:35:43,180 - Velocimacro : initialization complete.
2013-06-26 18:35:43,180 - Velocity successfully started.
2013-06-26 18:37:06,522 - SimpleLog4JLogSystem initialized using logfile 'velocity.log'
2013-06-26 18:37:06,522 - ************************************************************** 
2013-06-26 18:37:06,522 - Starting Jakarta Velocity v1.4
2013-06-26 18:37:06,522 - RuntimeInstance initializing.
2013-06-26 18:37:06,522 - Default Properties File: org\apache\velocity\runtime\defaults\velocity.properties
2013-06-26 18:37:06,522 - Trying to use logger class org.apache.velocity.runtime.log.SimpleLog4JLogSystem
2013-06-26 18:37:06,522 - Using logger class org.apache.velocity.runtime.log.SimpleLog4JLogSystem
2013-06-26 18:37:06,533 - Default ResourceManager initializing. (class org.apache.velocity.runtime.resource.ResourceManagerImpl)
2013-06-26 18:37:06,540 - Resource Loader Instantiated: org.apache.velocity.runtime.resource.loader.ClasspathResourceLoader
2013-06-26 18:37:06,540 - ClasspathResourceLoader : initialization starting.
2013-06-26 18:37:06,540 - ClasspathResourceLoader : initialization complete.
2013-06-26 18:37:06,543 - ResourceCache : initialized. (class org.apache.velocity.runtime.resource.ResourceCacheImpl)
2013-06-26 18:37:06,543 - Default ResourceManager initialization complete.
2013-06-26 18:37:06,546 - Loaded System Directive: org.apache.velocity.runtime.directive.Literal
2013-06-26 18:37:06,548 - Loaded System Directive: org.apache.velocity.runtime.directive.Macro
2013-06-26 18:37:06,553 - Loaded System Directive: org.apache.velocity.runtime.directive.Parse
2013-06-26 18:37:06,556 - Loaded System Directive: org.apache.velocity.runtime.directive.Include
2013-06-26 18:37:06,557 - Loaded System Directive: org.apache.velocity.runtime.directive.Foreach
2013-06-26 18:37:06,612 - Created: 20 parsers.
2013-06-26 18:37:06,635 - Velocimacro : initialization starting.
2013-06-26 18:37:06,636 - Velocimacro : adding VMs from VM library template : VM_global_library.vm
2013-06-26 18:37:06,655 - ResourceManager : unable to find resource 'VM_global_library.vm' in any resource loader.
2013-06-26 18:37:06,655 - Velocimacro : error using  VM library template VM_global_library.vm : org.apache.velocity.exception.ResourceNotFoundException: Unable to find resource 'VM_global_library.vm'
2013-06-26 18:37:06,655 - Velocimacro :  VM library template macro registration complete.
2013-06-26 18:37:06,655 - Velocimacro : allowInline = true : VMs can be defined inline in templates
2013-06-26 18:37:06,655 - Velocimacro : allowInlineToOverride = false : VMs defined inline may NOT replace previous VM definitions
2013-06-26 18:37:06,655 - Velocimacro : allowInlineLocal = false : VMs defined inline will be  global in scope if allowed.
2013-06-26 18:37:06,656 - Velocimacro : messages on  : VM system will output logging messages
2013-06-26 18:37:06,656 - Velocimacro : autoload off  : VM system will not automatically reload global library macros
2013-06-26 18:37:06,656 - Velocimacro : initialization complete.
2013-06-26 18:37:06,656 - Velocity successfully started.
2013-06-26 18:40:35,689 - SimpleLog4JLogSystem initialized using logfile 'velocity.log'
2013-06-26 18:40:35,689 - ************************************************************** 
2013-06-26 18:40:35,690 - Starting Jakarta Velocity v1.4
2013-06-26 18:40:35,690 - RuntimeInstance initializing.
2013-06-26 18:40:35,690 - Default Properties File: org\apache\velocity\runtime\defaults\velocity.properties
2013-06-26 18:40:35,690 - Trying to use logger class org.apache.velocity.runtime.log.SimpleLog4JLogSystem
2013-06-26 18:40:35,690 - Using logger class org.apache.velocity.runtime.log.SimpleLog4JLogSystem
2013-06-26 18:40:35,695 - Default ResourceManager initializing. (class org.apache.velocity.runtime.resource.ResourceManagerImpl)
2013-06-26 18:40:35,703 - Resource Loader Instantiated: org.apache.velocity.runtime.resource.loader.ClasspathResourceLoader
2013-06-26 18:40:35,703 - ClasspathResourceLoader : initialization starting.
2013-06-26 18:40:35,703 - ClasspathResourceLoader : initialization complete.
2013-06-26 18:40:35,706 - ResourceCache : initialized. (class org.apache.velocity.runtime.resource.ResourceCacheImpl)
2013-06-26 18:40:35,706 - Default ResourceManager initialization complete.
2013-06-26 18:40:35,710 - Loaded System Directive: org.apache.velocity.runtime.directive.Literal
2013-06-26 18:40:35,713 - Loaded System Directive: org.apache.velocity.runtime.directive.Macro
2013-06-26 18:40:35,718 - Loaded System Directive: org.apache.velocity.runtime.directive.Parse
2013-06-26 18:40:35,724 - Loaded System Directive: org.apache.velocity.runtime.directive.Include
2013-06-26 18:40:35,725 - Loaded System Directive: org.apache.velocity.runtime.directive.Foreach
2013-06-26 18:40:35,773 - Created: 20 parsers.
2013-06-26 18:40:35,788 - Velocimacro : initialization starting.
2013-06-26 18:40:35,788 - Velocimacro : adding VMs from VM library template : VM_global_library.vm
2013-06-26 18:40:35,801 - ResourceManager : unable to find resource 'VM_global_library.vm' in any resource loader.
2013-06-26 18:40:35,801 - Velocimacro : error using  VM library template VM_global_library.vm : org.apache.velocity.exception.ResourceNotFoundException: Unable to find resource 'VM_global_library.vm'
2013-06-26 18:40:35,801 - Velocimacro :  VM library template macro registration complete.
2013-06-26 18:40:35,801 - Velocimacro : allowInline = true : VMs can be defined inline in templates
2013-06-26 18:40:35,801 - Velocimacro : allowInlineToOverride = false : VMs defined inline may NOT replace previous VM definitions
2013-06-26 18:40:35,801 - Velocimacro : allowInlineLocal = false : VMs defined inline will be  global in scope if allowed.
2013-06-26 18:40:35,801 - Velocimacro : messages on  : VM system will output logging messages
2013-06-26 18:40:35,801 - Velocimacro : autoload off  : VM system will not automatically reload global library macros
2013-06-26 18:40:35,801 - Velocimacro : initialization complete.
2013-06-26 18:40:35,801 - Velocity successfully started.
